\BOOKMARK [0][-]{chapter.1}{PID}{}% 1
\BOOKMARK [1][-]{section.1.1}{Electron}{chapter.1}% 2
\BOOKMARK [1][-]{section.1.2}{Proton}{chapter.1}% 3
\BOOKMARK [1][-]{section.1.3}{Photon}{chapter.1}% 4
\BOOKMARK [1][-]{section.1.4}{Neutral pion}{chapter.1}% 5
\BOOKMARK [0][-]{chapter.2}{Exclusive selection}{}% 6
\BOOKMARK [1][-]{section.2.1}{Exclusive distributions}{chapter.2}% 7
\BOOKMARK [2][-]{subsection.2.1.1}{Tight M mass and transverse missing momenta cuts}{section.2.1}% 8
\BOOKMARK [2][-]{subsection.2.1.2}{X cut determination}{section.2.1}% 9
\BOOKMARK [2][-]{subsection.2.1.3}{Final exclusivity cuts}{section.2.1}% 10
\BOOKMARK [0][-]{chapter.3}{Results}{}% 11
\BOOKMARK [1][-]{section.3.1}{Kinematic coverage and binning}{chapter.3}% 12
\BOOKMARK [1][-]{section.3.2}{Beam Spin Asymmetry}{chapter.3}% 13
\BOOKMARK [2][-]{subsection.3.2.1}{Sideband background subtraction}{section.3.2}% 14
\BOOKMARK [2][-]{subsection.3.2.2}{Results}{section.3.2}% 15
\BOOKMARK [0][-]{chapter.4}{Simulations}{}% 16
\BOOKMARK [1][-]{section.4.1}{Generator and Simulations}{chapter.4}% 17
\BOOKMARK [1][-]{section.4.2}{Comparison to Data: Basic Kinematics}{chapter.4}% 18
\BOOKMARK [1][-]{section.4.3}{Comparison to Data: Kinematics - Scattering Variables}{chapter.4}% 19
\BOOKMARK [2][-]{subsection.4.3.1}{Bjorken X and Q2 Distributions}{section.4.3}% 20
\BOOKMARK [2][-]{subsection.4.3.2}{W and t Distributions}{section.4.3}% 21
\BOOKMARK [1][-]{section.4.4}{Comparison to Data: Reconstructed Pion and Exclusivity}{chapter.4}% 22
\BOOKMARK [2][-]{subsection.4.4.1}{Pion Mass and Energy}{section.4.4}% 23
\BOOKMARK [2][-]{subsection.4.4.2}{Missing Mass}{section.4.4}% 24
\BOOKMARK [1][-]{section.4.5}{Missing Energy}{chapter.4}% 25
\BOOKMARK [0][-]{chapter.5}{Appendix}{}% 26
\BOOKMARK [1][-]{section.5.1}{Cross check between our results}{chapter.5}% 27
\BOOKMARK [1][-]{section.5.2}{Other Simulation Results}{chapter.5}% 28
\BOOKMARK [2][-]{subsection.5.2.1}{Lepton-Hadron Angle}{section.5.2}% 29
