This is pdfTeX, Version 3.14159265-2.6-1.40.21 (TeX Live 2020/Arch Linux) (preloaded format=pdflatex 2020.10.10)  26 OCT 2020 01:41
entering extended mode
 restricted \write18 enabled.
 %&-line parsing enabled.
**main.tex
(./main.tex
LaTeX2e <2020-02-02> patch level 5
L3 programming layer <2020-06-03>
(/usr/share/texmf-dist/tex/latex/base/report.cls
Document Class: report 2019/12/20 v1.4l Standard LaTeX document class
(/usr/share/texmf-dist/tex/latex/base/size11.clo
File: size11.clo 2019/12/20 v1.4l Standard LaTeX file (size option)
)
\c@part=\count167
\c@chapter=\count168
\c@section=\count169
\c@subsection=\count170
\c@subsubsection=\count171
\c@paragraph=\count172
\c@subparagraph=\count173
\c@figure=\count174
\c@table=\count175
\abovecaptionskip=\skip47
\belowcaptionskip=\skip48
\bibindent=\dimen134
)
(/usr/share/texmf-dist/tex/latex/outline/outline.sty
Package: outline 2002/08/23 Simple Outline Package
\c@@outlndepth=\count176
\@outlndepth=\count177
\c@outlni=\count178
\c@outlnii=\count179
\c@outlniii=\count180
\c@outlniv=\count181
\c@outlnv=\count182
\c@outlnvi=\count183
)
(/usr/share/texmf-dist/tex/latex/base/inputenc.sty
Package: inputenc 2018/08/11 v1.3c Input encoding file
\inpenc@prehook=\toks15
\inpenc@posthook=\toks16
)
(/usr/share/texmf-dist/tex/latex/graphics/graphicx.sty
Package: graphicx 2019/11/30 v1.2a Enhanced LaTeX Graphics (DPC,SPQR)

(/usr/share/texmf-dist/tex/latex/graphics/keyval.sty
Package: keyval 2014/10/28 v1.15 key=value parser (DPC)
\KV@toks@=\toks17
)
(/usr/share/texmf-dist/tex/latex/graphics/graphics.sty
Package: graphics 2019/11/30 v1.4a Standard LaTeX Graphics (DPC,SPQR)

(/usr/share/texmf-dist/tex/latex/graphics/trig.sty
Package: trig 2016/01/03 v1.10 sin cos tan (DPC)
)
(/usr/share/texmf-dist/tex/latex/graphics-cfg/graphics.cfg
File: graphics.cfg 2016/06/04 v1.11 sample graphics configuration
)
Package graphics Info: Driver file: pdftex.def on input line 105.

(/usr/share/texmf-dist/tex/latex/graphics-def/pdftex.def
File: pdftex.def 2018/01/08 v1.0l Graphics/color driver for pdftex
))
\Gin@req@height=\dimen135
\Gin@req@width=\dimen136
)
(/usr/share/texmf-dist/tex/latex/geometry/geometry.sty
Package: geometry 2020/01/02 v5.9 Page Geometry

(/usr/share/texmf-dist/tex/generic/iftex/ifvtex.sty
Package: ifvtex 2019/10/25 v1.7 ifvtex legacy package. Use iftex instead.

(/usr/share/texmf-dist/tex/generic/iftex/iftex.sty
Package: iftex 2020/03/06 v1.0d TeX engine tests
))
\Gm@cnth=\count184
\Gm@cntv=\count185
\c@Gm@tempcnt=\count186
\Gm@bindingoffset=\dimen137
\Gm@wd@mp=\dimen138
\Gm@odd@mp=\dimen139
\Gm@even@mp=\dimen140
\Gm@layoutwidth=\dimen141
\Gm@layoutheight=\dimen142
\Gm@layouthoffset=\dimen143
\Gm@layoutvoffset=\dimen144
\Gm@dimlist=\toks18
)
(/usr/share/texmf-dist/tex/latex/wrapfig/wrapfig.sty
\wrapoverhang=\dimen145
\WF@size=\dimen146
\c@WF@wrappedlines=\count187
\WF@box=\box45
\WF@everypar=\toks19
Package: wrapfig 2003/01/31  v 3.6
)
(/usr/share/texmf-dist/tex/latex/tcolorbox/tcolorbox.sty
Package: tcolorbox 2020/04/28 version 4.30 text color boxes

(/usr/share/texmf-dist/tex/latex/pgf/basiclayer/pgf.sty
(/usr/share/texmf-dist/tex/latex/pgf/utilities/pgfrcs.sty
(/usr/share/texmf-dist/tex/generic/pgf/utilities/pgfutil-common.tex
\pgfutil@everybye=\toks20
\pgfutil@tempdima=\dimen147
\pgfutil@tempdimb=\dimen148

(/usr/share/texmf-dist/tex/generic/pgf/utilities/pgfutil-common-lists.tex))
(/usr/share/texmf-dist/tex/generic/pgf/utilities/pgfutil-latex.def
\pgfutil@abb=\box46

(/usr/share/texmf-dist/tex/latex/ms/everyshi.sty
Package: everyshi 2001/05/15 v3.00 EveryShipout Package (MS)
))
(/usr/share/texmf-dist/tex/generic/pgf/utilities/pgfrcs.code.tex
(/usr/share/texmf-dist/tex/generic/pgf/pgf.revision.tex)
Package: pgfrcs 2020/01/08 v3.1.5b (3.1.5b)
))
Package: pgf 2020/01/08 v3.1.5b (3.1.5b)

(/usr/share/texmf-dist/tex/latex/pgf/basiclayer/pgfcore.sty
(/usr/share/texmf-dist/tex/latex/pgf/systemlayer/pgfsys.sty
(/usr/share/texmf-dist/tex/generic/pgf/systemlayer/pgfsys.code.tex
Package: pgfsys 2020/01/08 v3.1.5b (3.1.5b)

(/usr/share/texmf-dist/tex/generic/pgf/utilities/pgfkeys.code.tex
\pgfkeys@pathtoks=\toks21
\pgfkeys@temptoks=\toks22

(/usr/share/texmf-dist/tex/generic/pgf/utilities/pgfkeysfiltered.code.tex
\pgfkeys@tmptoks=\toks23
))
\pgf@x=\dimen149
\pgf@y=\dimen150
\pgf@xa=\dimen151
\pgf@ya=\dimen152
\pgf@xb=\dimen153
\pgf@yb=\dimen154
\pgf@xc=\dimen155
\pgf@yc=\dimen156
\pgf@xd=\dimen157
\pgf@yd=\dimen158
\w@pgf@writea=\write3
\r@pgf@reada=\read2
\c@pgf@counta=\count188
\c@pgf@countb=\count189
\c@pgf@countc=\count190
\c@pgf@countd=\count191
\t@pgf@toka=\toks24
\t@pgf@tokb=\toks25
\t@pgf@tokc=\toks26
\pgf@sys@id@count=\count192

(/usr/share/texmf-dist/tex/generic/pgf/systemlayer/pgf.cfg
File: pgf.cfg 2020/01/08 v3.1.5b (3.1.5b)
)
Driver file for pgf: pgfsys-pdftex.def

(/usr/share/texmf-dist/tex/generic/pgf/systemlayer/pgfsys-pdftex.def
File: pgfsys-pdftex.def 2020/01/08 v3.1.5b (3.1.5b)

(/usr/share/texmf-dist/tex/generic/pgf/systemlayer/pgfsys-common-pdf.def
File: pgfsys-common-pdf.def 2020/01/08 v3.1.5b (3.1.5b)
)))
(/usr/share/texmf-dist/tex/generic/pgf/systemlayer/pgfsyssoftpath.code.tex
File: pgfsyssoftpath.code.tex 2020/01/08 v3.1.5b (3.1.5b)
\pgfsyssoftpath@smallbuffer@items=\count193
\pgfsyssoftpath@bigbuffer@items=\count194
)
(/usr/share/texmf-dist/tex/generic/pgf/systemlayer/pgfsysprotocol.code.tex
File: pgfsysprotocol.code.tex 2020/01/08 v3.1.5b (3.1.5b)
))
(/usr/share/texmf-dist/tex/latex/xcolor/xcolor.sty
Package: xcolor 2016/05/11 v2.12 LaTeX color extensions (UK)

(/usr/share/texmf-dist/tex/latex/graphics-cfg/color.cfg
File: color.cfg 2016/01/02 v1.6 sample color configuration
)
Package xcolor Info: Driver file: pdftex.def on input line 225.
Package xcolor Info: Model `cmy' substituted by `cmy0' on input line 1348.
Package xcolor Info: Model `hsb' substituted by `rgb' on input line 1352.
Package xcolor Info: Model `RGB' extended on input line 1364.
Package xcolor Info: Model `HTML' substituted by `rgb' on input line 1366.
Package xcolor Info: Model `Hsb' substituted by `hsb' on input line 1367.
Package xcolor Info: Model `tHsb' substituted by `hsb' on input line 1368.
Package xcolor Info: Model `HSB' substituted by `hsb' on input line 1369.
Package xcolor Info: Model `Gray' substituted by `gray' on input line 1370.
Package xcolor Info: Model `wave' substituted by `hsb' on input line 1371.
)
(/usr/share/texmf-dist/tex/generic/pgf/basiclayer/pgfcore.code.tex
Package: pgfcore 2020/01/08 v3.1.5b (3.1.5b)

(/usr/share/texmf-dist/tex/generic/pgf/math/pgfmath.code.tex
(/usr/share/texmf-dist/tex/generic/pgf/math/pgfmathcalc.code.tex
(/usr/share/texmf-dist/tex/generic/pgf/math/pgfmathutil.code.tex)
(/usr/share/texmf-dist/tex/generic/pgf/math/pgfmathparser.code.tex
\pgfmath@dimen=\dimen159
\pgfmath@count=\count195
\pgfmath@box=\box47
\pgfmath@toks=\toks27
\pgfmath@stack@operand=\toks28
\pgfmath@stack@operation=\toks29
)
(/usr/share/texmf-dist/tex/generic/pgf/math/pgfmathfunctions.code.tex
(/usr/share/texmf-dist/tex/generic/pgf/math/pgfmathfunctions.basic.code.tex)
(/usr/share/texmf-dist/tex/generic/pgf/math/pgfmathfunctions.trigonometric.code
.tex)
(/usr/share/texmf-dist/tex/generic/pgf/math/pgfmathfunctions.random.code.tex)
(/usr/share/texmf-dist/tex/generic/pgf/math/pgfmathfunctions.comparison.code.te
x) (/usr/share/texmf-dist/tex/generic/pgf/math/pgfmathfunctions.base.code.tex)
(/usr/share/texmf-dist/tex/generic/pgf/math/pgfmathfunctions.round.code.tex)
(/usr/share/texmf-dist/tex/generic/pgf/math/pgfmathfunctions.misc.code.tex)
(/usr/share/texmf-dist/tex/generic/pgf/math/pgfmathfunctions.integerarithmetics
.code.tex))) (/usr/share/texmf-dist/tex/generic/pgf/math/pgfmathfloat.code.tex
\c@pgfmathroundto@lastzeros=\count196
)) (/usr/share/texmf-dist/tex/generic/pgf/math/pgfint.code.tex)
(/usr/share/texmf-dist/tex/generic/pgf/basiclayer/pgfcorepoints.code.tex
File: pgfcorepoints.code.tex 2020/01/08 v3.1.5b (3.1.5b)
\pgf@picminx=\dimen160
\pgf@picmaxx=\dimen161
\pgf@picminy=\dimen162
\pgf@picmaxy=\dimen163
\pgf@pathminx=\dimen164
\pgf@pathmaxx=\dimen165
\pgf@pathminy=\dimen166
\pgf@pathmaxy=\dimen167
\pgf@xx=\dimen168
\pgf@xy=\dimen169
\pgf@yx=\dimen170
\pgf@yy=\dimen171
\pgf@zx=\dimen172
\pgf@zy=\dimen173
)
(/usr/share/texmf-dist/tex/generic/pgf/basiclayer/pgfcorepathconstruct.code.tex
File: pgfcorepathconstruct.code.tex 2020/01/08 v3.1.5b (3.1.5b)
\pgf@path@lastx=\dimen174
\pgf@path@lasty=\dimen175
) (/usr/share/texmf-dist/tex/generic/pgf/basiclayer/pgfcorepathusage.code.tex
File: pgfcorepathusage.code.tex 2020/01/08 v3.1.5b (3.1.5b)
\pgf@shorten@end@additional=\dimen176
\pgf@shorten@start@additional=\dimen177
)
(/usr/share/texmf-dist/tex/generic/pgf/basiclayer/pgfcorescopes.code.tex
File: pgfcorescopes.code.tex 2020/01/08 v3.1.5b (3.1.5b)
\pgfpic=\box48
\pgf@hbox=\box49
\pgf@layerbox@main=\box50
\pgf@picture@serial@count=\count197
)
(/usr/share/texmf-dist/tex/generic/pgf/basiclayer/pgfcoregraphicstate.code.tex
File: pgfcoregraphicstate.code.tex 2020/01/08 v3.1.5b (3.1.5b)
\pgflinewidth=\dimen178
)
(/usr/share/texmf-dist/tex/generic/pgf/basiclayer/pgfcoretransformations.code.t
ex
File: pgfcoretransformations.code.tex 2020/01/08 v3.1.5b (3.1.5b)
\pgf@pt@x=\dimen179
\pgf@pt@y=\dimen180
\pgf@pt@temp=\dimen181
) (/usr/share/texmf-dist/tex/generic/pgf/basiclayer/pgfcorequick.code.tex
File: pgfcorequick.code.tex 2020/01/08 v3.1.5b (3.1.5b)
)
(/usr/share/texmf-dist/tex/generic/pgf/basiclayer/pgfcoreobjects.code.tex
File: pgfcoreobjects.code.tex 2020/01/08 v3.1.5b (3.1.5b)
)
(/usr/share/texmf-dist/tex/generic/pgf/basiclayer/pgfcorepathprocessing.code.te
x
File: pgfcorepathprocessing.code.tex 2020/01/08 v3.1.5b (3.1.5b)
) (/usr/share/texmf-dist/tex/generic/pgf/basiclayer/pgfcorearrows.code.tex
File: pgfcorearrows.code.tex 2020/01/08 v3.1.5b (3.1.5b)
\pgfarrowsep=\dimen182
)
(/usr/share/texmf-dist/tex/generic/pgf/basiclayer/pgfcoreshade.code.tex
File: pgfcoreshade.code.tex 2020/01/08 v3.1.5b (3.1.5b)
\pgf@max=\dimen183
\pgf@sys@shading@range@num=\count198
\pgf@shadingcount=\count199
)
(/usr/share/texmf-dist/tex/generic/pgf/basiclayer/pgfcoreimage.code.tex
File: pgfcoreimage.code.tex 2020/01/08 v3.1.5b (3.1.5b)

(/usr/share/texmf-dist/tex/generic/pgf/basiclayer/pgfcoreexternal.code.tex
File: pgfcoreexternal.code.tex 2020/01/08 v3.1.5b (3.1.5b)
\pgfexternal@startupbox=\box51
))
(/usr/share/texmf-dist/tex/generic/pgf/basiclayer/pgfcorelayers.code.tex
File: pgfcorelayers.code.tex 2020/01/08 v3.1.5b (3.1.5b)
)
(/usr/share/texmf-dist/tex/generic/pgf/basiclayer/pgfcoretransparency.code.tex
File: pgfcoretransparency.code.tex 2020/01/08 v3.1.5b (3.1.5b)
) (/usr/share/texmf-dist/tex/generic/pgf/basiclayer/pgfcorepatterns.code.tex
File: pgfcorepatterns.code.tex 2020/01/08 v3.1.5b (3.1.5b)
)
(/usr/share/texmf-dist/tex/generic/pgf/basiclayer/pgfcorerdf.code.tex
File: pgfcorerdf.code.tex 2020/01/08 v3.1.5b (3.1.5b)
)))
(/usr/share/texmf-dist/tex/generic/pgf/modules/pgfmoduleshapes.code.tex
File: pgfmoduleshapes.code.tex 2020/01/08 v3.1.5b (3.1.5b)
\pgfnodeparttextbox=\box52
)
(/usr/share/texmf-dist/tex/generic/pgf/modules/pgfmoduleplot.code.tex
File: pgfmoduleplot.code.tex 2020/01/08 v3.1.5b (3.1.5b)
)
(/usr/share/texmf-dist/tex/latex/pgf/compatibility/pgfcomp-version-0-65.sty
Package: pgfcomp-version-0-65 2020/01/08 v3.1.5b (3.1.5b)
\pgf@nodesepstart=\dimen184
\pgf@nodesepend=\dimen185
)
(/usr/share/texmf-dist/tex/latex/pgf/compatibility/pgfcomp-version-1-18.sty
Package: pgfcomp-version-1-18 2020/01/08 v3.1.5b (3.1.5b)
))
(/usr/share/texmf-dist/tex/latex/tools/verbatim.sty
Package: verbatim 2019/11/10 v1.5r LaTeX2e package for verbatim enhancements
\every@verbatim=\toks30
\verbatim@line=\toks31
\verbatim@in@stream=\read3
)
(/usr/share/texmf-dist/tex/latex/environ/environ.sty
Package: environ 2014/05/04 v0.3 A new way to define environments

(/usr/share/texmf-dist/tex/latex/trimspaces/trimspaces.sty
Package: trimspaces 2009/09/17 v1.1 Trim spaces around a token list
)
\@envbody=\toks32
)
(/usr/share/texmf-dist/tex/latex/etoolbox/etoolbox.sty
Package: etoolbox 2019/09/21 v2.5h e-TeX tools for LaTeX (JAW)
\etb@tempcnta=\count266
)
\tcb@titlebox=\box53
\tcb@upperbox=\box54
\tcb@lowerbox=\box55
\tcb@phantombox=\box56
\c@tcbbreakpart=\count267
\c@tcblayer=\count268
\c@tcolorbox@number=\count269
\tcb@temp=\box57
\tcb@temp=\box58
\tcb@temp=\box59
\tcb@temp=\box60
\tcb@out=\write4
\tcb@record@out=\write5

(/usr/share/texmf-dist/tex/latex/tcolorbox/tcbraster.code.tex
Library (tcolorbox): 'tcbraster.code.tex' version '4.30'
\c@tcbrastercolumn=\count270
\c@tcbrasterrow=\count271
\c@tcbraster=\count272
) (/usr/share/texmf-dist/tex/latex/tcolorbox/tcbskins.code.tex
Library (tcolorbox): 'tcbskins.code.tex' version '4.30'
(/usr/share/texmf-dist/tex/latex/pgf/frontendlayer/tikz.sty
(/usr/share/texmf-dist/tex/latex/pgf/utilities/pgffor.sty
(/usr/share/texmf-dist/tex/latex/pgf/utilities/pgfkeys.sty
(/usr/share/texmf-dist/tex/generic/pgf/utilities/pgfkeys.code.tex))
(/usr/share/texmf-dist/tex/latex/pgf/math/pgfmath.sty
(/usr/share/texmf-dist/tex/generic/pgf/math/pgfmath.code.tex))
(/usr/share/texmf-dist/tex/generic/pgf/utilities/pgffor.code.tex
Package: pgffor 2020/01/08 v3.1.5b (3.1.5b)

(/usr/share/texmf-dist/tex/generic/pgf/math/pgfmath.code.tex)
\pgffor@iter=\dimen186
\pgffor@skip=\dimen187
\pgffor@stack=\toks33
\pgffor@toks=\toks34
))
(/usr/share/texmf-dist/tex/generic/pgf/frontendlayer/tikz/tikz.code.tex
Package: tikz 2020/01/08 v3.1.5b (3.1.5b)

(/usr/share/texmf-dist/tex/generic/pgf/libraries/pgflibraryplothandlers.code.te
x
File: pgflibraryplothandlers.code.tex 2020/01/08 v3.1.5b (3.1.5b)
\pgf@plot@mark@count=\count273
\pgfplotmarksize=\dimen188
)
\tikz@lastx=\dimen189
\tikz@lasty=\dimen190
\tikz@lastxsaved=\dimen191
\tikz@lastysaved=\dimen192
\tikz@lastmovetox=\dimen193
\tikz@lastmovetoy=\dimen194
\tikzleveldistance=\dimen195
\tikzsiblingdistance=\dimen196
\tikz@figbox=\box61
\tikz@figbox@bg=\box62
\tikz@tempbox=\box63
\tikz@tempbox@bg=\box64
\tikztreelevel=\count274
\tikznumberofchildren=\count275
\tikznumberofcurrentchild=\count276
\tikz@fig@count=\count277
 (/usr/share/texmf-dist/tex/generic/pgf/modules/pgfmodulematrix.code.tex
File: pgfmodulematrix.code.tex 2020/01/08 v3.1.5b (3.1.5b)
\pgfmatrixcurrentrow=\count278
\pgfmatrixcurrentcolumn=\count279
\pgf@matrix@numberofcolumns=\count280
)
\tikz@expandcount=\count281

(/usr/share/texmf-dist/tex/generic/pgf/frontendlayer/tikz/libraries/tikzlibrary
topaths.code.tex
File: tikzlibrarytopaths.code.tex 2020/01/08 v3.1.5b (3.1.5b)
)))
\tcb@waterbox=\box65

(/usr/share/texmf-dist/tex/latex/tcolorbox/tcbskinsjigsaw.code.tex
Library (tcolorbox): 'tcbskinsjigsaw.code.tex' version '4.30'
)) (/usr/share/texmf-dist/tex/latex/tcolorbox/tcbbreakable.code.tex
Library (tcolorbox): 'tcbbreakable.code.tex' version '4.30'
\tcb@testbox=\box66
\tcb@totalupperbox=\box67
\tcb@totallowerbox=\box68
) (/usr/share/texmf-dist/tex/latex/tcolorbox/tcbhooks.code.tex
Library (tcolorbox): 'tcbhooks.code.tex' version '4.30'
) (/usr/share/texmf-dist/tex/latex/tcolorbox/tcbtheorems.code.tex
Library (tcolorbox): 'tcbtheorems.code.tex' version '4.30'
(/usr/share/texmf-dist/tex/latex/amsmath/amsmath.sty
Package: amsmath 2020/01/20 v2.17e AMS math features
\@mathmargin=\skip49

For additional information on amsmath, use the `?' option.
(/usr/share/texmf-dist/tex/latex/amsmath/amstext.sty
Package: amstext 2000/06/29 v2.01 AMS text

(/usr/share/texmf-dist/tex/latex/amsmath/amsgen.sty
File: amsgen.sty 1999/11/30 v2.0 generic functions
\@emptytoks=\toks35
\ex@=\dimen197
))
(/usr/share/texmf-dist/tex/latex/amsmath/amsbsy.sty
Package: amsbsy 1999/11/29 v1.2d Bold Symbols
\pmbraise@=\dimen198
)
(/usr/share/texmf-dist/tex/latex/amsmath/amsopn.sty
Package: amsopn 2016/03/08 v2.02 operator names
)
\inf@bad=\count282
LaTeX Info: Redefining \frac on input line 227.
\uproot@=\count283
\leftroot@=\count284
LaTeX Info: Redefining \overline on input line 389.
\classnum@=\count285
\DOTSCASE@=\count286
LaTeX Info: Redefining \ldots on input line 486.
LaTeX Info: Redefining \dots on input line 489.
LaTeX Info: Redefining \cdots on input line 610.
\Mathstrutbox@=\box69
\strutbox@=\box70
\big@size=\dimen199
LaTeX Font Info:    Redeclaring font encoding OML on input line 733.
LaTeX Font Info:    Redeclaring font encoding OMS on input line 734.
\macc@depth=\count287
\c@MaxMatrixCols=\count288
\dotsspace@=\muskip16
\c@parentequation=\count289
\dspbrk@lvl=\count290
\tag@help=\toks36
\row@=\count291
\column@=\count292
\maxfields@=\count293
\andhelp@=\toks37
\eqnshift@=\dimen256
\alignsep@=\dimen257
\tagshift@=\dimen258
\tagwidth@=\dimen259
\totwidth@=\dimen260
\lineht@=\dimen261
\@envbody=\toks38
\multlinegap=\skip50
\multlinetaggap=\skip51
\mathdisplay@stack=\toks39
LaTeX Info: Redefining \[ on input line 2859.
LaTeX Info: Redefining \] on input line 2860.
))
(/usr/share/texmf-dist/tex/latex/tcolorbox/tcbfitting.code.tex
Library (tcolorbox): 'tcbfitting.code.tex' version '4.30'
\tcbfitdim=\dimen262
\tcb@lowerfitdim=\dimen263
\tcb@upperfitdim=\dimen264
\tcb@cur@hbadness=\count294
) (/usr/share/texmf-dist/tex/latex/tcolorbox/tcbxparse.code.tex
Library (tcolorbox): 'tcbxparse.code.tex' version '4.30'
(/usr/share/texmf-dist/tex/latex/l3packages/xparse/xparse.sty
(/usr/share/texmf-dist/tex/latex/l3kernel/expl3.sty
Package: expl3 2020-06-03 L3 programming layer (loader) 

(/usr/share/texmf-dist/tex/latex/l3backend/l3backend-pdfmode.def
File: l3backend-pdfmode.def 2020-06-03 L3 backend support: PDF mode
\l__kernel_color_stack_int=\count295
\l__pdf_internal_box=\box71
))
Package: xparse 2020-05-15 L3 Experimental document command parser

(/usr/share/texmf-dist/tex/latex/l3packages/xparse/xparse-generic.tex
\l__xparse_current_arg_int=\count296
\g__xparse_grabber_int=\count297
\l__xparse_m_args_int=\count298
\l__xparse_v_nesting_int=\count299
)))
(/usr/share/texmf-dist/tex/latex/tcolorbox/tcblistingsutf8.code.tex
Library (tcolorbox): 'tcblistingsutf8.code.tex' version '4.30'
(/usr/share/texmf-dist/tex/latex/tcolorbox/tcblistings.code.tex
Library (tcolorbox): 'tcblistings.code.tex' version '4.30'
(/usr/share/texmf-dist/tex/latex/listings/listings.sty
\lst@mode=\count300
\lst@gtempboxa=\box72
\lst@token=\toks40
\lst@length=\count301
\lst@currlwidth=\dimen265
\lst@column=\count302
\lst@pos=\count303
\lst@lostspace=\dimen266
\lst@width=\dimen267
\lst@newlines=\count304
\lst@lineno=\count305
\lst@maxwidth=\dimen268

(/usr/share/texmf-dist/tex/latex/listings/lstmisc.sty
File: lstmisc.sty 2020/03/24 1.8d (Carsten Heinz)
\c@lstnumber=\count306
\lst@skipnumbers=\count307
\lst@framebox=\box73
)
(/usr/share/texmf-dist/tex/latex/listings/listings.cfg
File: listings.cfg 2020/03/24 1.8d listings configuration
))
Package: listings 2020/03/24 1.8d (Carsten Heinz)

(/usr/share/texmf-dist/tex/latex/tcolorbox/tcblistingscore.code.tex
Library (tcolorbox): 'tcblistingscore.code.tex' version '4.30'
(/usr/share/texmf-dist/tex/latex/tcolorbox/tcbprocessing.code.tex
Library (tcolorbox): 'tcbprocessing.code.tex' version '4.30'
(/usr/share/texmf-dist/tex/latex/pdftexcmds/pdftexcmds.sty
Package: pdftexcmds 2020-06-04 v0.32 Utility functions of pdfTeX for LuaTeX (HO
)

(/usr/share/texmf-dist/tex/generic/infwarerr/infwarerr.sty
Package: infwarerr 2019/12/03 v1.5 Providing info/warning/error messages (HO)
)
(/usr/share/texmf-dist/tex/generic/ltxcmds/ltxcmds.sty
Package: ltxcmds 2019/12/15 v1.24 LaTeX kernel commands for general use (HO)
)
Package pdftexcmds Info: \pdf@primitive is available.
Package pdftexcmds Info: \pdf@ifprimitive is available.
Package pdftexcmds Info: \pdfdraftmode found.
)
(/usr/share/texmf-dist/tex/latex/tools/shellesc.sty
Package: shellesc 2019/11/08 v1.0c unified shell escape interface for LaTeX
Package shellesc Info: Restricted shell escape enabled on input line 77.
))
\c@tcblisting=\count308
))
(/usr/share/texmf-dist/tex/latex/listingsutf8/listingsutf8.sty
Package: listingsutf8 2019-12-10 v1.5 Allow UTF-8 in listings input (HO)

(/usr/share/texmf-dist/tex/generic/stringenc/stringenc.sty
Package: stringenc 2019/11/29 v1.12 Convert strings between diff. encodings (HO
)

(/usr/share/texmf-dist/tex/generic/pdfescape/pdfescape.sty
Package: pdfescape 2019/12/09 v1.15 Implements pdfTeX's escape features (HO)
))))
(/usr/share/texmf-dist/tex/latex/tcolorbox/tcbexternal.code.tex
Library (tcolorbox): 'tcbexternal.code.tex' version '4.30'
) (/usr/share/texmf-dist/tex/latex/tcolorbox/tcbmagazine.code.tex
Library (tcolorbox): 'tcbmagazine.code.tex' version '4.30'
) (/usr/share/texmf-dist/tex/latex/tcolorbox/tcbvignette.code.tex
Library (tcolorbox): 'tcbvignette.code.tex' version '4.30'

(/usr/share/texmf-dist/tex/generic/pgf/frontendlayer/tikz/libraries/tikzlibrary
fadings.code.tex
File: tikzlibraryfadings.code.tex 2020/01/08 v3.1.5b (3.1.5b)

(/usr/share/texmf-dist/tex/generic/pgf/libraries/pgflibraryfadings.code.tex
File: pgflibraryfadings.code.tex 2020/01/08 v3.1.5b (3.1.5b)
)))
(/usr/share/texmf-dist/tex/latex/tcolorbox/tcbposter.code.tex
Library (tcolorbox): 'tcbposter.code.tex' version '4.30'
)) (/usr/share/texmf-dist/tex/latex/hyperref/hyperref.sty
Package: hyperref 2020-05-15 v7.00e Hypertext links for LaTeX

(/usr/share/texmf-dist/tex/generic/kvsetkeys/kvsetkeys.sty
Package: kvsetkeys 2019/12/15 v1.18 Key value parser (HO)
)
(/usr/share/texmf-dist/tex/generic/kvdefinekeys/kvdefinekeys.sty
Package: kvdefinekeys 2019-12-19 v1.6 Define keys (HO)
)
(/usr/share/texmf-dist/tex/latex/hycolor/hycolor.sty
Package: hycolor 2020-01-27 v1.10 Color options for hyperref/bookmark (HO)
)
(/usr/share/texmf-dist/tex/latex/letltxmacro/letltxmacro.sty
Package: letltxmacro 2019/12/03 v1.6 Let assignment for LaTeX macros (HO)
)
(/usr/share/texmf-dist/tex/latex/auxhook/auxhook.sty
Package: auxhook 2019-12-17 v1.6 Hooks for auxiliary files (HO)
)
(/usr/share/texmf-dist/tex/latex/kvoptions/kvoptions.sty
Package: kvoptions 2019/11/29 v3.13 Key value format for package options (HO)
)
\@linkdim=\dimen269
\Hy@linkcounter=\count309
\Hy@pagecounter=\count310

(/usr/share/texmf-dist/tex/latex/hyperref/pd1enc.def
File: pd1enc.def 2020-05-15 v7.00e Hyperref: PDFDocEncoding definition (HO)
Now handling font encoding PD1 ...
... no UTF-8 mapping file for font encoding PD1
)
(/usr/share/texmf-dist/tex/generic/intcalc/intcalc.sty
Package: intcalc 2019/12/15 v1.3 Expandable calculations with integers (HO)
)
(/usr/share/texmf-dist/tex/generic/etexcmds/etexcmds.sty
Package: etexcmds 2019/12/15 v1.7 Avoid name clashes with e-TeX commands (HO)
)
\Hy@SavedSpaceFactor=\count311
Package hyperref Info: Hyper figures OFF on input line 4464.
Package hyperref Info: Link nesting OFF on input line 4469.
Package hyperref Info: Hyper index ON on input line 4472.
Package hyperref Info: Plain pages OFF on input line 4479.
Package hyperref Info: Backreferencing OFF on input line 4484.
Package hyperref Info: Implicit mode ON; LaTeX internals redefined.
Package hyperref Info: Bookmarks ON on input line 4717.
\c@Hy@tempcnt=\count312

(/usr/share/texmf-dist/tex/latex/url/url.sty
\Urlmuskip=\muskip17
Package: url 2013/09/16  ver 3.4  Verb mode for urls, etc.
)
LaTeX Info: Redefining \url on input line 5076.
\XeTeXLinkMargin=\dimen270

(/usr/share/texmf-dist/tex/generic/bitset/bitset.sty
Package: bitset 2019/12/09 v1.3 Handle bit-vector datatype (HO)

(/usr/share/texmf-dist/tex/generic/bigintcalc/bigintcalc.sty
Package: bigintcalc 2019/12/15 v1.5 Expandable calculations on big integers (HO
)
))
\Fld@menulength=\count313
\Field@Width=\dimen271
\Fld@charsize=\dimen272
Package hyperref Info: Hyper figures OFF on input line 6347.
Package hyperref Info: Link nesting OFF on input line 6352.
Package hyperref Info: Hyper index ON on input line 6355.
Package hyperref Info: backreferencing OFF on input line 6362.
Package hyperref Info: Link coloring OFF on input line 6367.
Package hyperref Info: Link coloring with OCG OFF on input line 6372.
Package hyperref Info: PDF/A mode OFF on input line 6377.
LaTeX Info: Redefining \ref on input line 6417.
LaTeX Info: Redefining \pageref on input line 6421.

(/usr/share/texmf-dist/tex/generic/atbegshi/atbegshi.sty
Package: atbegshi 2019/12/05 v1.19 At begin shipout hook (HO)
)
\Hy@abspage=\count314
\c@Item=\count315
\c@Hfootnote=\count316
)
Package hyperref Info: Driver (autodetected): hpdftex.

(/usr/share/texmf-dist/tex/latex/hyperref/hpdftex.def
File: hpdftex.def 2020-05-15 v7.00e Hyperref driver for pdfTeX

(/usr/share/texmf-dist/tex/latex/atveryend/atveryend.sty
Package: atveryend 2019-12-11 v1.11 Hooks at the very end of document (HO)
)
\Fld@listcount=\count317
\c@bookmark@seq@number=\count318

(/usr/share/texmf-dist/tex/latex/rerunfilecheck/rerunfilecheck.sty
Package: rerunfilecheck 2019/12/05 v1.9 Rerun checks for auxiliary files (HO)

(/usr/share/texmf-dist/tex/generic/uniquecounter/uniquecounter.sty
Package: uniquecounter 2019/12/15 v1.4 Provide unlimited unique counter (HO)
)
Package uniquecounter Info: New unique counter `rerunfilecheck' on input line 2
86.
)
\Hy@SectionHShift=\skip52
)
(/usr/share/texmf-dist/tex/latex/caption/subcaption.sty
Package: subcaption 2020/01/22 v1.3d Sub-captions (AR)

(/usr/share/texmf-dist/tex/latex/caption/caption.sty
Package: caption 2020/05/10 v3.4j Customizing captions (AR)

(/usr/share/texmf-dist/tex/latex/caption/caption3.sty
Package: caption3 2020/05/10 v1.11 caption3 kernel (AR)
Package caption3 Info: TeX engine: e-TeX on input line 61.
\captionmargin=\dimen273
\captionmargin@=\dimen274
\captionwidth=\dimen275
\caption@tempdima=\dimen276
\caption@indent=\dimen277
\caption@parindent=\dimen278
\caption@hangindent=\dimen279
Package caption Info: Standard document class detected.
)
\c@caption@flags=\count319
\c@continuedfloat=\count320
Package caption Info: hyperref package is loaded.
Package caption Info: listings package is loaded.
Package caption Info: wrapfig package is loaded.
)
\c@subfigure=\count321
\c@subtable=\count322
)
(/usr/share/texmf-dist/tex/latex/appendix/appendix.sty
Package: appendix 2020/02/08 v1.2c extra appendix facilities
\c@@pps=\count323
\c@@ppsavesec=\count324
\c@@ppsaveapp=\count325
)
(/usr/share/texmf-dist/tex/latex/grffile/grffile.sty
Package: grffile 2019/11/11 v2.1 Extended file name support for graphics (legac
y)
Package grffile Info: This package is an empty stub for compatibility on input 
line 40.
)
(/usr/share/texmf-dist/tex/latex/amsfonts/amssymb.sty
Package: amssymb 2013/01/14 v3.01 AMS font symbols

(/usr/share/texmf-dist/tex/latex/amsfonts/amsfonts.sty
Package: amsfonts 2013/01/14 v3.01 Basic AMSFonts support
\symAMSa=\mathgroup4
\symAMSb=\mathgroup5
LaTeX Font Info:    Redeclaring math symbol \hbar on input line 98.
LaTeX Font Info:    Overwriting math alphabet `\mathfrak' in version `bold'
(Font)                  U/euf/m/n --> U/euf/b/n on input line 106.
))
(/usr/share/texmf-dist/tex/latex/makecell/makecell.sty
Package: makecell 2009/08/03 V0.1e Managing of Tab Column Heads and Cells

(/usr/share/texmf-dist/tex/latex/tools/array.sty
Package: array 2019/08/31 v2.4l Tabular extension package (FMi)
\col@sep=\dimen280
\ar@mcellbox=\box74
\extrarowheight=\dimen281
\NC@list=\toks41
\extratabsurround=\skip53
\backup@length=\skip54
\ar@cellbox=\box75
)
\rotheadsize=\dimen282
\c@nlinenum=\count326
\TeXr@lab=\toks42
) (./main.aux)
LaTeX Font Info:    Checking defaults for OML/cmm/m/it on input line 24.
LaTeX Font Info:    ... okay on input line 24.
LaTeX Font Info:    Checking defaults for OMS/cmsy/m/n on input line 24.
LaTeX Font Info:    ... okay on input line 24.
LaTeX Font Info:    Checking defaults for OT1/cmr/m/n on input line 24.
LaTeX Font Info:    ... okay on input line 24.
LaTeX Font Info:    Checking defaults for T1/cmr/m/n on input line 24.
LaTeX Font Info:    ... okay on input line 24.
LaTeX Font Info:    Checking defaults for TS1/cmr/m/n on input line 24.
LaTeX Font Info:    ... okay on input line 24.
LaTeX Font Info:    Checking defaults for OMX/cmex/m/n on input line 24.
LaTeX Font Info:    ... okay on input line 24.
LaTeX Font Info:    Checking defaults for U/cmr/m/n on input line 24.
LaTeX Font Info:    ... okay on input line 24.
LaTeX Font Info:    Checking defaults for PD1/pdf/m/n on input line 24.
LaTeX Font Info:    ... okay on input line 24.

(/usr/share/texmf-dist/tex/context/base/mkii/supp-pdf.mkii
[Loading MPS to PDF converter (version 2006.09.02).]
\scratchcounter=\count327
\scratchdimen=\dimen283
\scratchbox=\box76
\nofMPsegments=\count328
\nofMParguments=\count329
\everyMPshowfont=\toks43
\MPscratchCnt=\count330
\MPscratchDim=\dimen284
\MPnumerator=\count331
\makeMPintoPDFobject=\count332
\everyMPtoPDFconversion=\toks44
) (/usr/share/texmf-dist/tex/latex/epstopdf-pkg/epstopdf-base.sty
Package: epstopdf-base 2020-01-24 v2.11 Base part for package epstopdf
Package epstopdf-base Info: Redefining graphics rule for `.eps' on input line 4
85.

(/usr/share/texmf-dist/tex/latex/latexconfig/epstopdf-sys.cfg
File: epstopdf-sys.cfg 2010/07/13 v1.3 Configuration of (r)epstopdf for TeX Liv
e
))
*geometry* driver: auto-detecting
*geometry* detected driver: pdftex
*geometry* verbose mode - [ preamble ] result:
* driver: pdftex
* paper: <default>
* layout: <same size as paper>
* layoutoffset:(h,v)=(0.0pt,0.0pt)
* modes: 
* h-part:(L,W,R)=(72.26999pt, 469.75502pt, 72.26999pt)
* v-part:(T,H,B)=(72.26999pt, 650.43001pt, 72.26999pt)
* \paperwidth=614.295pt
* \paperheight=794.96999pt
* \textwidth=469.75502pt
* \textheight=650.43001pt
* \oddsidemargin=0.0pt
* \evensidemargin=0.0pt
* \topmargin=-37.0pt
* \headheight=12.0pt
* \headsep=25.0pt
* \topskip=11.0pt
* \footskip=30.0pt
* \marginparwidth=59.0pt
* \marginparsep=10.0pt
* \columnsep=10.0pt
* \skip\footins=10.0pt plus 4.0pt minus 2.0pt
* \hoffset=0.0pt
* \voffset=0.0pt
* \mag=1000
* \@twocolumnfalse
* \@twosidefalse
* \@mparswitchfalse
* \@reversemarginfalse
* (1in=72.27pt=25.4mm, 1cm=28.453pt)

ABD: EveryShipout initializing macros
\c@lstlisting=\count333
\AtBeginShipoutBox=\box77
Package hyperref Info: Link coloring OFF on input line 24.

(/usr/share/texmf-dist/tex/latex/hyperref/nameref.sty
Package: nameref 2019/09/16 v2.46 Cross-referencing by name of section

(/usr/share/texmf-dist/tex/latex/refcount/refcount.sty
Package: refcount 2019/12/15 v3.6 Data extraction from label references (HO)
)
(/usr/share/texmf-dist/tex/generic/gettitlestring/gettitlestring.sty
Package: gettitlestring 2019/12/15 v1.6 Cleanup title references (HO)
)
\c@section@level=\count334
)
LaTeX Info: Redefining \ref on input line 24.
LaTeX Info: Redefining \pageref on input line 24.
LaTeX Info: Redefining \nameref on input line 24.

(./main.out) (./main.out)
\@outlinefile=\write6
Package caption Info: Begin \AtBeginDocument code.
Package caption Info: End \AtBeginDocument code.
LaTeX Font Info:    Trying to load font information for U+msa on input line 27.

 (/usr/share/texmf-dist/tex/latex/amsfonts/umsa.fd
File: umsa.fd 2013/01/14 v3.01 AMS symbols A
)
LaTeX Font Info:    Trying to load font information for U+msb on input line 27.


(/usr/share/texmf-dist/tex/latex/amsfonts/umsb.fd
File: umsb.fd 2013/01/14 v3.01 AMS symbols B
) [1

{/var/lib/texmf/fonts/map/pdftex/updmap/pdftex.map}] (./main.toc)
\tf@toc=\write7
pdfTeX warning (ext4): destination with the same identifier (name{page.1}) has 
been already used, duplicate ignored
<to be read again> 
                   \relax 
l.29 \chapter
             {PID} [1

]
Chapter 1.
(./PID.tex [2

]
<figures/eppi0.exclusive.pdf, id=213, page=6, 569.12625pt x 400.49625pt>
File: figures/eppi0.exclusive.pdf Graphic file (type pdf)
<use figures/eppi0.exclusive.pdf, page 6>
Package pdftex.def Info: figures/eppi0.exclusive.pdf , page6 used on input line
 51.
(pdftex.def)             Requested size: 281.85587pt x 198.3532pt.
) [3 <./figures/eppi0.exclusive.pdf, page is rotated 90 degrees>]
Chapter 2.
(./Exclusive.tex
<figures/eppi0.exclusive.pdf, id=262, page=10, 569.12625pt x 400.49625pt>
File: figures/eppi0.exclusive.pdf Graphic file (type pdf)
<use figures/eppi0.exclusive.pdf, page 10>
Package pdftex.def Info: figures/eppi0.exclusive.pdf , page10 used on input lin
e 6.
(pdftex.def)             Requested size: 264.28534pt x 185.98439pt.
<figures/eppi0.exclusive.pdf, id=266, page=4, 569.12625pt x 400.49625pt>
File: figures/eppi0.exclusive.pdf Graphic file (type pdf)
<use figures/eppi0.exclusive.pdf, page 4>
Package pdftex.def Info: figures/eppi0.exclusive.pdf , page4 used on input line
 18.
(pdftex.def)             Requested size: 220.78543pt x 155.3679pt.
<figures/eppi0.exclusive.pdf, id=267, page=5, 569.12625pt x 400.49625pt>
File: figures/eppi0.exclusive.pdf Graphic file (type pdf)
<use figures/eppi0.exclusive.pdf, page 5>
Package pdftex.def Info: figures/eppi0.exclusive.pdf , page5 used on input line
 19.
(pdftex.def)             Requested size: 220.78543pt x 155.3679pt.
File: figures/eppi0.exclusive.pdf Graphic file (type pdf)
<use figures/eppi0.exclusive.pdf, page 6>
Package pdftex.def Info: figures/eppi0.exclusive.pdf , page6 used on input line
 27.
(pdftex.def)             Requested size: 220.78543pt x 155.3679pt.
<figures/eppi0.exclusive.pdf, id=268, page=8, 569.12625pt x 400.49625pt>
File: figures/eppi0.exclusive.pdf Graphic file (type pdf)
<use figures/eppi0.exclusive.pdf, page 8>
Package pdftex.def Info: figures/eppi0.exclusive.pdf , page8 used on input line
 28.
(pdftex.def)             Requested size: 220.78543pt x 155.3679pt.


Package hyperref Warning: Token not allowed in a PDF string (PDFDocEncoding):
(hyperref)                removing `math shift' on input line 34.


Package hyperref Warning: Token not allowed in a PDF string (PDFDocEncoding):
(hyperref)                removing `subscript' on input line 34.


Package hyperref Warning: Token not allowed in a PDF string (PDFDocEncoding):
(hyperref)                removing `\gamma' on input line 34.


Package hyperref Warning: Token not allowed in a PDF string (PDFDocEncoding):
(hyperref)                removing `\gamma' on input line 34.


Package hyperref Warning: Token not allowed in a PDF string (PDFDocEncoding):
(hyperref)                removing `math shift' on input line 34.

[4

 <./figures/eppi0.exclusive.pdf, page is rotated 90 degrees> <./figures/eppi0.e
xclusive.pdf, page is rotated 90 degrees> <./figures/eppi0.exclusive.pdf, page 
is rotated 90 degrees>]
<figures/eppi0.exclusive.pdf, id=321, page=24, 569.12625pt x 400.49625pt>
File: figures/eppi0.exclusive.pdf Graphic file (type pdf)
<use figures/eppi0.exclusive.pdf, page 24>
Package pdftex.def Info: figures/eppi0.exclusive.pdf , page24 used on input lin
e 42.
(pdftex.def)             Requested size: 220.78543pt x 155.3679pt.
<figures/eppi0.exclusive.pdf, id=322, page=25, 569.12625pt x 400.49625pt>
File: figures/eppi0.exclusive.pdf Graphic file (type pdf)
<use figures/eppi0.exclusive.pdf, page 25>
Package pdftex.def Info: figures/eppi0.exclusive.pdf , page25 used on input lin
e 43.
(pdftex.def)             Requested size: 220.78543pt x 155.3679pt.
<figures/eppi0.exclusive.pdf, id=324, page=43, 569.12625pt x 400.49625pt>
File: figures/eppi0.exclusive.pdf Graphic file (type pdf)
<use figures/eppi0.exclusive.pdf, page 43>
Package pdftex.def Info: figures/eppi0.exclusive.pdf , page43 used on input lin
e 53.
(pdftex.def)             Requested size: 211.38832pt x 148.75572pt.
<figures/eppi0.exclusive.pdf, id=325, page=44, 569.12625pt x 400.49625pt>
File: figures/eppi0.exclusive.pdf Graphic file (type pdf)
<use figures/eppi0.exclusive.pdf, page 44>
Package pdftex.def Info: figures/eppi0.exclusive.pdf , page44 used on input lin
e 54.
(pdftex.def)             Requested size: 211.38832pt x 148.75572pt.
<figures/eppi0.exclusive.pdf, id=326, page=45, 569.12625pt x 400.49625pt>
File: figures/eppi0.exclusive.pdf Graphic file (type pdf)
<use figures/eppi0.exclusive.pdf, page 45>
Package pdftex.def Info: figures/eppi0.exclusive.pdf , page45 used on input lin
e 56.
(pdftex.def)             Requested size: 211.38832pt x 148.75572pt.
<figures/eppi0.exclusive.pdf, id=327, page=47, 569.12625pt x 400.49625pt>
File: figures/eppi0.exclusive.pdf Graphic file (type pdf)
<use figures/eppi0.exclusive.pdf, page 47>
Package pdftex.def Info: figures/eppi0.exclusive.pdf , page47 used on input lin
e 57.
(pdftex.def)             Requested size: 211.38832pt x 148.75572pt.


Package hyperref Warning: Token not allowed in a PDF string (PDFDocEncoding):
(hyperref)                removing `math shift' on input line 63.


Package hyperref Warning: Token not allowed in a PDF string (PDFDocEncoding):
(hyperref)                removing `\theta' on input line 63.


Package hyperref Warning: Token not allowed in a PDF string (PDFDocEncoding):
(hyperref)                removing `subscript' on input line 63.


Package hyperref Warning: Token not allowed in a PDF string (PDFDocEncoding):
(hyperref)                removing `\pi' on input line 63.


Package hyperref Warning: Token not allowed in a PDF string (PDFDocEncoding):
(hyperref)                removing `math shift' on input line 63.

<figures/sigbg_eppi0.pdf, id=331, page=123, 569.12625pt x 400.49625pt>
File: figures/sigbg_eppi0.pdf Graphic file (type pdf)
<use figures/sigbg_eppi0.pdf, page 123>
Package pdftex.def Info: figures/sigbg_eppi0.pdf , page123 used on input line 7
4.
(pdftex.def)             Requested size: 140.92793pt x 99.17049pt.
<figures/sigbg_eppi0.pdf, id=332, page=125, 569.12625pt x 400.49625pt>
File: figures/sigbg_eppi0.pdf Graphic file (type pdf)
<use figures/sigbg_eppi0.pdf, page 125>
Package pdftex.def Info: figures/sigbg_eppi0.pdf , page125 used on input line 7
5.
(pdftex.def)             Requested size: 140.92793pt x 99.17049pt.
<figures/sigbg_eppi0.pdf, id=333, page=128, 569.12625pt x 400.49625pt>
File: figures/sigbg_eppi0.pdf Graphic file (type pdf)
<use figures/sigbg_eppi0.pdf, page 128>
Package pdftex.def Info: figures/sigbg_eppi0.pdf , page128 used on input line 7
6.
(pdftex.def)             Requested size: 140.92793pt x 99.17049pt.
<figures/sigbg_eppi0.pdf, id=334, page=130, 569.12625pt x 400.49625pt>
File: figures/sigbg_eppi0.pdf Graphic file (type pdf)
<use figures/sigbg_eppi0.pdf, page 130>
Package pdftex.def Info: figures/sigbg_eppi0.pdf , page130 used on input line 7
8.
(pdftex.def)             Requested size: 140.92793pt x 99.17049pt.
<figures/sigbg_eppi0.pdf, id=335, page=133, 569.12625pt x 400.49625pt>
File: figures/sigbg_eppi0.pdf Graphic file (type pdf)
<use figures/sigbg_eppi0.pdf, page 133>
Package pdftex.def Info: figures/sigbg_eppi0.pdf , page133 used on input line 7
9.
(pdftex.def)             Requested size: 140.92793pt x 99.17049pt.
<figures/sigbg_eppi0.pdf, id=336, page=135, 569.12625pt x 400.49625pt>
File: figures/sigbg_eppi0.pdf Graphic file (type pdf)
<use figures/sigbg_eppi0.pdf, page 135>
Package pdftex.def Info: figures/sigbg_eppi0.pdf , page135 used on input line 8
0.
(pdftex.def)             Requested size: 140.92793pt x 99.17049pt.
<figures/sigbg_eppi0.pdf, id=337, page=34, 569.12625pt x 400.49625pt>
File: figures/sigbg_eppi0.pdf Graphic file (type pdf)
<use figures/sigbg_eppi0.pdf, page 34>
Package pdftex.def Info: figures/sigbg_eppi0.pdf , page34 used on input line 90
.
(pdftex.def)             Requested size: 150.32504pt x 105.78267pt.
<figures/sigbg_eppi0.pdf, id=338, page=51, 569.12625pt x 400.49625pt>
File: figures/sigbg_eppi0.pdf Graphic file (type pdf)
<use figures/sigbg_eppi0.pdf, page 51>
Package pdftex.def Info: figures/sigbg_eppi0.pdf , page51 used on input line 91
.
(pdftex.def)             Requested size: 150.32504pt x 105.78267pt.
<figures/sigbg_eppi0.pdf, id=339, page=68, 569.12625pt x 400.49625pt>
File: figures/sigbg_eppi0.pdf Graphic file (type pdf)
<use figures/sigbg_eppi0.pdf, page 68>
Package pdftex.def Info: figures/sigbg_eppi0.pdf , page68 used on input line 92
.
(pdftex.def)             Requested size: 150.32504pt x 105.78267pt.
<figures/sigbg_eppi0.pdf, id=340, page=85, 569.12625pt x 400.49625pt>
File: figures/sigbg_eppi0.pdf Graphic file (type pdf)
<use figures/sigbg_eppi0.pdf, page 85>
Package pdftex.def Info: figures/sigbg_eppi0.pdf , page85 used on input line 94
.
(pdftex.def)             Requested size: 150.32504pt x 105.78267pt.
<figures/sigbg_eppi0.pdf, id=341, page=102, 569.12625pt x 400.49625pt>
File: figures/sigbg_eppi0.pdf Graphic file (type pdf)
<use figures/sigbg_eppi0.pdf, page 102>
Package pdftex.def Info: figures/sigbg_eppi0.pdf , page102 used on input line 9
5.
(pdftex.def)             Requested size: 150.32504pt x 105.78267pt.
<figures/sigbg_eppi0.pdf, id=342, page=119, 569.12625pt x 400.49625pt>
File: figures/sigbg_eppi0.pdf Graphic file (type pdf)
<use figures/sigbg_eppi0.pdf, page 119>
Package pdftex.def Info: figures/sigbg_eppi0.pdf , page119 used on input line 9
6.
(pdftex.def)             Requested size: 150.32504pt x 105.78267pt.
<figures/sigbg_eppi0.pdf, id=343, page=136, 569.12625pt x 400.49625pt>
File: figures/sigbg_eppi0.pdf Graphic file (type pdf)
<use figures/sigbg_eppi0.pdf, page 136>
Package pdftex.def Info: figures/sigbg_eppi0.pdf , page136 used on input line 1
06.
(pdftex.def)             Requested size: 150.32504pt x 105.78267pt.
<figures/sigbg_eppi0.pdf, id=344, page=153, 569.12625pt x 400.49625pt>
File: figures/sigbg_eppi0.pdf Graphic file (type pdf)
<use figures/sigbg_eppi0.pdf, page 153>
Package pdftex.def Info: figures/sigbg_eppi0.pdf , page153 used on input line 1
07.
(pdftex.def)             Requested size: 150.32504pt x 105.78267pt.
<figures/sigbg_eppi0.pdf, id=345, page=170, 569.12625pt x 400.49625pt>
File: figures/sigbg_eppi0.pdf Graphic file (type pdf)
<use figures/sigbg_eppi0.pdf, page 170>
Package pdftex.def Info: figures/sigbg_eppi0.pdf , page170 used on input line 1
08.
(pdftex.def)             Requested size: 150.32504pt x 105.78267pt.
<figures/sigbg_eppi0.pdf, id=346, page=187, 569.12625pt x 400.49625pt>
File: figures/sigbg_eppi0.pdf Graphic file (type pdf)
<use figures/sigbg_eppi0.pdf, page 187>
Package pdftex.def Info: figures/sigbg_eppi0.pdf , page187 used on input line 1
10.
(pdftex.def)             Requested size: 150.32504pt x 105.78267pt.
<figures/sigbg_eppi0.pdf, id=347, page=204, 569.12625pt x 400.49625pt>
File: figures/sigbg_eppi0.pdf Graphic file (type pdf)
<use figures/sigbg_eppi0.pdf, page 204>
Package pdftex.def Info: figures/sigbg_eppi0.pdf , page204 used on input line 1
11.
(pdftex.def)             Requested size: 150.32504pt x 105.78267pt.
[5 <./figures/eppi0.exclusive.pdf, page is rotated 90 degrees> <./figures/eppi0
.exclusive.pdf, page is rotated 90 degrees> <./figures/eppi0.exclusive.pdf, pag
e is rotated 90 degrees>] [6 <./figures/eppi0.exclusive.pdf, page is rotated 90
 degrees> <./figures/eppi0.exclusive.pdf, page is rotated 90 degrees> <./figure
s/eppi0.exclusive.pdf, page is rotated 90 degrees> <./figures/eppi0.exclusive.p
df, page is rotated 90 degrees> <./figures/sigbg_eppi0.pdf, page is rotated 90 
degrees> <./figures/sigbg_eppi0.pdf, page is rotated 90 degrees> <./figures/sig
bg_eppi0.pdf, page is rotated 90 degrees> <./figures/sigbg_eppi0.pdf, page is r
otated 90 degrees> <./figures/sigbg_eppi0.pdf, page is rotated 90 degrees> <./f
igures/sigbg_eppi0.pdf, page is rotated 90 degrees>] [7 <./figures/sigbg_eppi0.
pdf, page is rotated 90 degrees> <./figures/sigbg_eppi0.pdf, page is rotated 90
 degrees> <./figures/sigbg_eppi0.pdf, page is rotated 90 degrees> <./figures/si
gbg_eppi0.pdf, page is rotated 90 degrees> <./figures/sigbg_eppi0.pdf, page is 
rotated 90 degrees> <./figures/sigbg_eppi0.pdf, page is rotated 90 degrees> <./
figures/sigbg_eppi0.pdf, page is rotated 90 degrees> <./figures/sigbg_eppi0.pdf
, page is rotated 90 degrees> <./figures/sigbg_eppi0.pdf, page is rotated 90 de
grees> <./figures/sigbg_eppi0.pdf, page is rotated 90 degrees> <./figures/sigbg
_eppi0.pdf, page is rotated 90 degrees>]
<figures/eppi0.exclusive.pdf, id=412, page=82, 569.12625pt x 400.49625pt>
File: figures/eppi0.exclusive.pdf Graphic file (type pdf)
<use figures/eppi0.exclusive.pdf, page 82>
Package pdftex.def Info: figures/eppi0.exclusive.pdf , page82 used on input lin
e 135.
(pdftex.def)             Requested size: 150.32504pt x 105.78267pt.
<figures/eppi0.exclusive.pdf, id=413, page=83, 569.12625pt x 400.49625pt>
File: figures/eppi0.exclusive.pdf Graphic file (type pdf)
<use figures/eppi0.exclusive.pdf, page 83>
Package pdftex.def Info: figures/eppi0.exclusive.pdf , page83 used on input lin
e 136.
(pdftex.def)             Requested size: 150.32504pt x 105.78267pt.
<figures/eppi0.exclusive.pdf, id=414, page=84, 569.12625pt x 400.49625pt>
File: figures/eppi0.exclusive.pdf Graphic file (type pdf)
<use figures/eppi0.exclusive.pdf, page 84>
Package pdftex.def Info: figures/eppi0.exclusive.pdf , page84 used on input lin
e 137.
(pdftex.def)             Requested size: 150.32504pt x 105.78267pt.
) [8

 <./figures/eppi0.exclusive.pdf, page is rotated 90 degrees> <./figures/eppi0.e
xclusive.pdf, page is rotated 90 degrees> <./figures/eppi0.exclusive.pdf, page 
is rotated 90 degrees>]
Chapter 3.
(./Results.tex
<figures/eppi0.inb.root.bins.pdf, id=463, page=1, 549.05125pt x 739.76375pt>
File: figures/eppi0.inb.root.bins.pdf Graphic file (type pdf)
<use figures/eppi0.inb.root.bins.pdf, page 1>
Package pdftex.def Info: figures/eppi0.inb.root.bins.pdf , page1 used on input 
line 5.
(pdftex.def)             Requested size: 159.48479pt x 214.87592pt.
<figures/eppi0.inb.root.bsa.pdf, id=466, page=21, 569.12625pt x 400.49625pt>
File: figures/eppi0.inb.root.bsa.pdf Graphic file (type pdf)
<use figures/eppi0.inb.root.bsa.pdf, page 21>
Package pdftex.def Info: figures/eppi0.inb.root.bsa.pdf , page21 used on input 
line 42.
(pdftex.def)             Requested size: 150.32504pt x 105.78267pt.
<figures/eppi0.inb.root.bsa.pdf, id=467, page=22, 569.12625pt x 400.49625pt>
File: figures/eppi0.inb.root.bsa.pdf Graphic file (type pdf)
<use figures/eppi0.inb.root.bsa.pdf, page 22>
Package pdftex.def Info: figures/eppi0.inb.root.bsa.pdf , page22 used on input 
line 43.
(pdftex.def)             Requested size: 150.32504pt x 105.78267pt.
<figures/eppi0.inb.root.bsa.pdf, id=468, page=23, 569.12625pt x 400.49625pt>
File: figures/eppi0.inb.root.bsa.pdf Graphic file (type pdf)
<use figures/eppi0.inb.root.bsa.pdf, page 23>
Package pdftex.def Info: figures/eppi0.inb.root.bsa.pdf , page23 used on input 
line 44.
(pdftex.def)             Requested size: 150.32504pt x 105.78267pt.
<figures/eppi0.inb.root.bsa.pdf, id=469, page=24, 569.12625pt x 400.49625pt>
File: figures/eppi0.inb.root.bsa.pdf Graphic file (type pdf)
<use figures/eppi0.inb.root.bsa.pdf, page 24>
Package pdftex.def Info: figures/eppi0.inb.root.bsa.pdf , page24 used on input 
line 46.
(pdftex.def)             Requested size: 150.32504pt x 105.78267pt.
<figures/eppi0.inb.root.bsa.pdf, id=470, page=25, 569.12625pt x 400.49625pt>
File: figures/eppi0.inb.root.bsa.pdf Graphic file (type pdf)
<use figures/eppi0.inb.root.bsa.pdf, page 25>
Package pdftex.def Info: figures/eppi0.inb.root.bsa.pdf , page25 used on input 
line 47.
(pdftex.def)             Requested size: 150.32504pt x 105.78267pt.
 [9

 <./figures/eppi0.inb.root.bins.pdf>]
<figures/eppi0.inb.root.bsa.pdf, id=522, page=41, 569.12625pt x 400.49625pt>
File: figures/eppi0.inb.root.bsa.pdf Graphic file (type pdf)
<use figures/eppi0.inb.root.bsa.pdf, page 41>
Package pdftex.def Info: figures/eppi0.inb.root.bsa.pdf , page41 used on input 
line 73.
(pdftex.def)             Requested size: 150.32504pt x 105.78267pt.
<figures/eppi0.inb.root.bsa.pdf, id=523, page=42, 569.12625pt x 400.49625pt>
File: figures/eppi0.inb.root.bsa.pdf Graphic file (type pdf)
<use figures/eppi0.inb.root.bsa.pdf, page 42>
Package pdftex.def Info: figures/eppi0.inb.root.bsa.pdf , page42 used on input 
line 74.
(pdftex.def)             Requested size: 150.32504pt x 105.78267pt.
<figures/eppi0.inb.root.bsa.pdf, id=524, page=43, 569.12625pt x 400.49625pt>
File: figures/eppi0.inb.root.bsa.pdf Graphic file (type pdf)
<use figures/eppi0.inb.root.bsa.pdf, page 43>
Package pdftex.def Info: figures/eppi0.inb.root.bsa.pdf , page43 used on input 
line 75.
(pdftex.def)             Requested size: 150.32504pt x 105.78267pt.
<figures/eppi0.inb.root.bsa.pdf, id=525, page=44, 569.12625pt x 400.49625pt>
File: figures/eppi0.inb.root.bsa.pdf Graphic file (type pdf)
<use figures/eppi0.inb.root.bsa.pdf, page 44>
Package pdftex.def Info: figures/eppi0.inb.root.bsa.pdf , page44 used on input 
line 77.
(pdftex.def)             Requested size: 150.32504pt x 105.78267pt.
<figures/eppi0.inb.root.bsa.pdf, id=526, page=45, 569.12625pt x 400.49625pt>
File: figures/eppi0.inb.root.bsa.pdf Graphic file (type pdf)
<use figures/eppi0.inb.root.bsa.pdf, page 45>
Package pdftex.def Info: figures/eppi0.inb.root.bsa.pdf , page45 used on input 
line 78.
(pdftex.def)             Requested size: 150.32504pt x 105.78267pt.
<figures/eppi0.inb.root.bsa.pdf, id=527, page=46, 569.12625pt x 400.49625pt>
File: figures/eppi0.inb.root.bsa.pdf Graphic file (type pdf)
<use figures/eppi0.inb.root.bsa.pdf, page 46>
Package pdftex.def Info: figures/eppi0.inb.root.bsa.pdf , page46 used on input 
line 79.
(pdftex.def)             Requested size: 150.32504pt x 105.78267pt.
<figures/eppi0.inb.root.bsa.pdf, id=528, page=47, 569.12625pt x 400.49625pt>
File: figures/eppi0.inb.root.bsa.pdf Graphic file (type pdf)
<use figures/eppi0.inb.root.bsa.pdf, page 47>
Package pdftex.def Info: figures/eppi0.inb.root.bsa.pdf , page47 used on input 
line 81.
(pdftex.def)             Requested size: 150.32504pt x 105.78267pt.
<figures/eppi0.inb.root.bsa.pdf, id=529, page=48, 569.12625pt x 400.49625pt>
File: figures/eppi0.inb.root.bsa.pdf Graphic file (type pdf)
<use figures/eppi0.inb.root.bsa.pdf, page 48>
Package pdftex.def Info: figures/eppi0.inb.root.bsa.pdf , page48 used on input 
line 82.
(pdftex.def)             Requested size: 150.32504pt x 105.78267pt.
<figures/eppi0.inb.root.bsa.pdf, id=530, page=49, 569.12625pt x 400.49625pt>
File: figures/eppi0.inb.root.bsa.pdf Graphic file (type pdf)
<use figures/eppi0.inb.root.bsa.pdf, page 49>
Package pdftex.def Info: figures/eppi0.inb.root.bsa.pdf , page49 used on input 
line 83.
(pdftex.def)             Requested size: 150.32504pt x 105.78267pt.
<figures/eppi0.inb.root.bsa.pdf, id=531, page=50, 569.12625pt x 400.49625pt>
File: figures/eppi0.inb.root.bsa.pdf Graphic file (type pdf)
<use figures/eppi0.inb.root.bsa.pdf, page 50>
Package pdftex.def Info: figures/eppi0.inb.root.bsa.pdf , page50 used on input 
line 85.
(pdftex.def)             Requested size: 150.32504pt x 105.78267pt.
<figures/eppi0.inb.root.bsa.pdf, id=532, page=51, 569.12625pt x 400.49625pt>
File: figures/eppi0.inb.root.bsa.pdf Graphic file (type pdf)
<use figures/eppi0.inb.root.bsa.pdf, page 51>
Package pdftex.def Info: figures/eppi0.inb.root.bsa.pdf , page51 used on input 
line 86.
(pdftex.def)             Requested size: 150.32504pt x 105.78267pt.
<figures/eppi0.inb.root.bsa.pdf, id=533, page=52, 569.12625pt x 400.49625pt>
File: figures/eppi0.inb.root.bsa.pdf Graphic file (type pdf)
<use figures/eppi0.inb.root.bsa.pdf, page 52>
Package pdftex.def Info: figures/eppi0.inb.root.bsa.pdf , page52 used on input 
line 87.
(pdftex.def)             Requested size: 150.32504pt x 105.78267pt.
<figures/eppi0.inb.root.bsa.pdf, id=534, page=53, 569.12625pt x 400.49625pt>
File: figures/eppi0.inb.root.bsa.pdf Graphic file (type pdf)
<use figures/eppi0.inb.root.bsa.pdf, page 53>
Package pdftex.def Info: figures/eppi0.inb.root.bsa.pdf , page53 used on input 
line 89.
(pdftex.def)             Requested size: 150.32504pt x 105.78267pt.
<figures/eppi0.inb.root.bsa.pdf, id=535, page=54, 569.12625pt x 400.49625pt>
File: figures/eppi0.inb.root.bsa.pdf Graphic file (type pdf)
<use figures/eppi0.inb.root.bsa.pdf, page 54>
Package pdftex.def Info: figures/eppi0.inb.root.bsa.pdf , page54 used on input 
line 90.
(pdftex.def)             Requested size: 150.32504pt x 105.78267pt.
<figures/eppi0.inb.root.bsa.pdf, id=536, page=55, 569.12625pt x 400.49625pt>
File: figures/eppi0.inb.root.bsa.pdf Graphic file (type pdf)
<use figures/eppi0.inb.root.bsa.pdf, page 55>
Package pdftex.def Info: figures/eppi0.inb.root.bsa.pdf , page55 used on input 
line 91.
(pdftex.def)             Requested size: 150.32504pt x 105.78267pt.
<figures/eppi0.inb.root.bsa.pdf, id=538, page=1, 569.12625pt x 400.49625pt>
File: figures/eppi0.inb.root.bsa.pdf Graphic file (type pdf)
<use figures/eppi0.inb.root.bsa.pdf, page 1>
Package pdftex.def Info: figures/eppi0.inb.root.bsa.pdf , page1 used on input l
ine 104.
(pdftex.def)             Requested size: 150.32504pt x 105.78267pt.
<figures/eppi0.inb.root.bsa.pdf, id=539, page=2, 569.12625pt x 400.49625pt>
File: figures/eppi0.inb.root.bsa.pdf Graphic file (type pdf)
<use figures/eppi0.inb.root.bsa.pdf, page 2>
Package pdftex.def Info: figures/eppi0.inb.root.bsa.pdf , page2 used on input l
ine 105.
(pdftex.def)             Requested size: 150.32504pt x 105.78267pt.
<figures/eppi0.inb.root.bsa.pdf, id=540, page=3, 569.12625pt x 400.49625pt>
File: figures/eppi0.inb.root.bsa.pdf Graphic file (type pdf)
<use figures/eppi0.inb.root.bsa.pdf, page 3>
Package pdftex.def Info: figures/eppi0.inb.root.bsa.pdf , page3 used on input l
ine 106.
(pdftex.def)             Requested size: 150.32504pt x 105.78267pt.
<figures/eppi0.inb.root.bsa.pdf, id=541, page=5, 569.12625pt x 400.49625pt>
File: figures/eppi0.inb.root.bsa.pdf Graphic file (type pdf)
<use figures/eppi0.inb.root.bsa.pdf, page 5>
Package pdftex.def Info: figures/eppi0.inb.root.bsa.pdf , page5 used on input l
ine 108.
(pdftex.def)             Requested size: 150.32504pt x 105.78267pt.
<figures/eppi0.inb.root.bsa.pdf, id=542, page=6, 569.12625pt x 400.49625pt>
File: figures/eppi0.inb.root.bsa.pdf Graphic file (type pdf)
<use figures/eppi0.inb.root.bsa.pdf, page 6>
Package pdftex.def Info: figures/eppi0.inb.root.bsa.pdf , page6 used on input l
ine 109.
(pdftex.def)             Requested size: 150.32504pt x 105.78267pt.
<figures/eppi0.inb.root.bsa.pdf, id=543, page=7, 569.12625pt x 400.49625pt>
File: figures/eppi0.inb.root.bsa.pdf Graphic file (type pdf)
<use figures/eppi0.inb.root.bsa.pdf, page 7>
Package pdftex.def Info: figures/eppi0.inb.root.bsa.pdf , page7 used on input l
ine 110.
(pdftex.def)             Requested size: 150.32504pt x 105.78267pt.
<figures/eppi0.inb.root.bsa.pdf, id=544, page=9, 569.12625pt x 400.49625pt>
File: figures/eppi0.inb.root.bsa.pdf Graphic file (type pdf)
<use figures/eppi0.inb.root.bsa.pdf, page 9>
Package pdftex.def Info: figures/eppi0.inb.root.bsa.pdf , page9 used on input l
ine 112.
(pdftex.def)             Requested size: 150.32504pt x 105.78267pt.
<figures/eppi0.inb.root.bsa.pdf, id=545, page=10, 569.12625pt x 400.49625pt>
File: figures/eppi0.inb.root.bsa.pdf Graphic file (type pdf)
<use figures/eppi0.inb.root.bsa.pdf, page 10>
Package pdftex.def Info: figures/eppi0.inb.root.bsa.pdf , page10 used on input 
line 113.
(pdftex.def)             Requested size: 150.32504pt x 105.78267pt.
<figures/eppi0.inb.root.bsa.pdf, id=546, page=11, 569.12625pt x 400.49625pt>
File: figures/eppi0.inb.root.bsa.pdf Graphic file (type pdf)
<use figures/eppi0.inb.root.bsa.pdf, page 11>
Package pdftex.def Info: figures/eppi0.inb.root.bsa.pdf , page11 used on input 
line 114.
(pdftex.def)             Requested size: 150.32504pt x 105.78267pt.
<figures/eppi0.inb.root.bsa.pdf, id=547, page=13, 569.12625pt x 400.49625pt>
File: figures/eppi0.inb.root.bsa.pdf Graphic file (type pdf)
<use figures/eppi0.inb.root.bsa.pdf, page 13>
Package pdftex.def Info: figures/eppi0.inb.root.bsa.pdf , page13 used on input 
line 116.
(pdftex.def)             Requested size: 150.32504pt x 105.78267pt.
<figures/eppi0.inb.root.bsa.pdf, id=548, page=14, 569.12625pt x 400.49625pt>
File: figures/eppi0.inb.root.bsa.pdf Graphic file (type pdf)
<use figures/eppi0.inb.root.bsa.pdf, page 14>
Package pdftex.def Info: figures/eppi0.inb.root.bsa.pdf , page14 used on input 
line 117.
(pdftex.def)             Requested size: 150.32504pt x 105.78267pt.
<figures/eppi0.inb.root.bsa.pdf, id=549, page=15, 569.12625pt x 400.49625pt>
File: figures/eppi0.inb.root.bsa.pdf Graphic file (type pdf)
<use figures/eppi0.inb.root.bsa.pdf, page 15>
Package pdftex.def Info: figures/eppi0.inb.root.bsa.pdf , page15 used on input 
line 118.
(pdftex.def)             Requested size: 150.32504pt x 105.78267pt.
<figures/eppi0.inb.root.bsa.pdf, id=550, page=17, 569.12625pt x 400.49625pt>
File: figures/eppi0.inb.root.bsa.pdf Graphic file (type pdf)
<use figures/eppi0.inb.root.bsa.pdf, page 17>
Package pdftex.def Info: figures/eppi0.inb.root.bsa.pdf , page17 used on input 
line 120.
(pdftex.def)             Requested size: 150.32504pt x 105.78267pt.
<figures/eppi0.inb.root.bsa.pdf, id=551, page=18, 569.12625pt x 400.49625pt>
File: figures/eppi0.inb.root.bsa.pdf Graphic file (type pdf)
<use figures/eppi0.inb.root.bsa.pdf, page 18>
Package pdftex.def Info: figures/eppi0.inb.root.bsa.pdf , page18 used on input 
line 121.
(pdftex.def)             Requested size: 150.32504pt x 105.78267pt.
<figures/eppi0.inb.root.bsa.pdf, id=552, page=19, 569.12625pt x 400.49625pt>
File: figures/eppi0.inb.root.bsa.pdf Graphic file (type pdf)
<use figures/eppi0.inb.root.bsa.pdf, page 19>
Package pdftex.def Info: figures/eppi0.inb.root.bsa.pdf , page19 used on input 
line 122.
(pdftex.def)             Requested size: 150.32504pt x 105.78267pt.
<figures/eppi0.inb.root.bsa.pdf, id=554, page=4, 569.12625pt x 400.49625pt>
File: figures/eppi0.inb.root.bsa.pdf Graphic file (type pdf)
<use figures/eppi0.inb.root.bsa.pdf, page 4>
Package pdftex.def Info: figures/eppi0.inb.root.bsa.pdf , page4 used on input l
ine 145.
(pdftex.def)             Requested size: 150.32504pt x 105.78267pt.
<figures/eppi0.inb.root.bsa.pdf, id=555, page=8, 569.12625pt x 400.49625pt>
File: figures/eppi0.inb.root.bsa.pdf Graphic file (type pdf)
<use figures/eppi0.inb.root.bsa.pdf, page 8>
Package pdftex.def Info: figures/eppi0.inb.root.bsa.pdf , page8 used on input l
ine 146.
(pdftex.def)             Requested size: 150.32504pt x 105.78267pt.
<figures/eppi0.inb.root.bsa.pdf, id=556, page=12, 569.12625pt x 400.49625pt>
File: figures/eppi0.inb.root.bsa.pdf Graphic file (type pdf)
<use figures/eppi0.inb.root.bsa.pdf, page 12>
Package pdftex.def Info: figures/eppi0.inb.root.bsa.pdf , page12 used on input 
line 147.
(pdftex.def)             Requested size: 150.32504pt x 105.78267pt.
<figures/eppi0.inb.root.bsa.pdf, id=557, page=16, 569.12625pt x 400.49625pt>
File: figures/eppi0.inb.root.bsa.pdf Graphic file (type pdf)
<use figures/eppi0.inb.root.bsa.pdf, page 16>
Package pdftex.def Info: figures/eppi0.inb.root.bsa.pdf , page16 used on input 
line 149.
(pdftex.def)             Requested size: 150.32504pt x 105.78267pt.
<figures/eppi0.inb.root.bsa.pdf, id=558, page=20, 569.12625pt x 400.49625pt>
File: figures/eppi0.inb.root.bsa.pdf Graphic file (type pdf)
<use figures/eppi0.inb.root.bsa.pdf, page 20>
Package pdftex.def Info: figures/eppi0.inb.root.bsa.pdf , page20 used on input 
line 150.
(pdftex.def)             Requested size: 150.32504pt x 105.78267pt.
) [10 <./figures/eppi0.inb.root.bsa.pdf, page is rotated 90 degrees> <./figures
/eppi0.inb.root.bsa.pdf, page is rotated 90 degrees> <./figures/eppi0.inb.root.
bsa.pdf, page is rotated 90 degrees> <./figures/eppi0.inb.root.bsa.pdf, page is
 rotated 90 degrees> <./figures/eppi0.inb.root.bsa.pdf, page is rotated 90 degr
ees>] [11 <./figures/eppi0.inb.root.bsa.pdf, page is rotated 90 degrees> <./fig
ures/eppi0.inb.root.bsa.pdf, page is rotated 90 degrees> <./figures/eppi0.inb.r
oot.bsa.pdf, page is rotated 90 degrees> <./figures/eppi0.inb.root.bsa.pdf, pag
e is rotated 90 degrees> <./figures/eppi0.inb.root.bsa.pdf, page is rotated 90 
degrees> <./figures/eppi0.inb.root.bsa.pdf, page is rotated 90 degrees> <./figu
res/eppi0.inb.root.bsa.pdf, page is rotated 90 degrees> <./figures/eppi0.inb.ro
ot.bsa.pdf, page is rotated 90 degrees> <./figures/eppi0.inb.root.bsa.pdf, page
 is rotated 90 degrees> <./figures/eppi0.inb.root.bsa.pdf, page is rotated 90 d
egrees> <./figures/eppi0.inb.root.bsa.pdf, page is rotated 90 degrees> <./figur
es/eppi0.inb.root.bsa.pdf, page is rotated 90 degrees> <./figures/eppi0.inb.roo
t.bsa.pdf, page is rotated 90 degrees> <./figures/eppi0.inb.root.bsa.pdf, page 
is rotated 90 degrees> <./figures/eppi0.inb.root.bsa.pdf, page is rotated 90 de
grees>] [12 <./figures/eppi0.inb.root.bsa.pdf, page is rotated 90 degrees> <./f
igures/eppi0.inb.root.bsa.pdf, page is rotated 90 degrees> <./figures/eppi0.inb
.root.bsa.pdf, page is rotated 90 degrees> <./figures/eppi0.inb.root.bsa.pdf, p
age is rotated 90 degrees> <./figures/eppi0.inb.root.bsa.pdf, page is rotated 9
0 degrees> <./figures/eppi0.inb.root.bsa.pdf, page is rotated 90 degrees> <./fi
gures/eppi0.inb.root.bsa.pdf, page is rotated 90 degrees> <./figures/eppi0.inb.
root.bsa.pdf, page is rotated 90 degrees> <./figures/eppi0.inb.root.bsa.pdf, pa
ge is rotated 90 degrees> <./figures/eppi0.inb.root.bsa.pdf, page is rotated 90
 degrees> <./figures/eppi0.inb.root.bsa.pdf, page is rotated 90 degrees> <./fig
ures/eppi0.inb.root.bsa.pdf, page is rotated 90 degrees> <./figures/eppi0.inb.r
oot.bsa.pdf, page is rotated 90 degrees> <./figures/eppi0.inb.root.bsa.pdf, pag
e is rotated 90 degrees> <./figures/eppi0.inb.root.bsa.pdf, page is rotated 90 
degrees>] [13 <./figures/eppi0.inb.root.bsa.pdf, page is rotated 90 degrees> <.
/figures/eppi0.inb.root.bsa.pdf, page is rotated 90 degrees> <./figures/eppi0.i
nb.root.bsa.pdf, page is rotated 90 degrees> <./figures/eppi0.inb.root.bsa.pdf,
 page is rotated 90 degrees> <./figures/eppi0.inb.root.bsa.pdf, page is rotated
 90 degrees>]
Chapter 4.
(./Simulations.tex
Underfull \hbox (badness 10000) in paragraph at lines 14--15

 []

<figures/Simulation/kinematics_basic/hist_electron_phi_nocut_fd_Double.pdf, id=
631, 569.12625pt x 353.32pt>
File: figures/Simulation/kinematics_basic/hist_electron_phi_nocut_fd_Double.pdf
 Graphic file (type pdf)
<use figures/Simulation/kinematics_basic/hist_electron_phi_nocut_fd_Double.pdf>

Package pdftex.def Info: figures/Simulation/kinematics_basic/hist_electron_phi_
nocut_fd_Double.pdf  used on input line 25.
(pdftex.def)             Requested size: 211.38832pt x 131.23312pt.
<figures/Simulation/kinematics_basic/hist_electron_phi_excut_fd_Double.pdf, id=
632, 569.12625pt x 353.32pt>
File: figures/Simulation/kinematics_basic/hist_electron_phi_excut_fd_Double.pdf
 Graphic file (type pdf)
<use figures/Simulation/kinematics_basic/hist_electron_phi_excut_fd_Double.pdf>

Package pdftex.def Info: figures/Simulation/kinematics_basic/hist_electron_phi_
excut_fd_Double.pdf  used on input line 29.
(pdftex.def)             Requested size: 211.38832pt x 131.23312pt.
<figures/Simulation/kinematics_basic/hist_proton_phi_nocut_fd_Double.pdf, id=63
3, 569.12625pt x 353.32pt>
File: figures/Simulation/kinematics_basic/hist_proton_phi_nocut_fd_Double.pdf G
raphic file (type pdf)
<use figures/Simulation/kinematics_basic/hist_proton_phi_nocut_fd_Double.pdf>
Package pdftex.def Info: figures/Simulation/kinematics_basic/hist_proton_phi_no
cut_fd_Double.pdf  used on input line 33.
(pdftex.def)             Requested size: 211.38832pt x 131.23312pt.
<figures/Simulation/kinematics_basic/hist_proton_phi_excut_fd_Double.pdf, id=63
4, 569.12625pt x 353.32pt>
File: figures/Simulation/kinematics_basic/hist_proton_phi_excut_fd_Double.pdf G
raphic file (type pdf)
<use figures/Simulation/kinematics_basic/hist_proton_phi_excut_fd_Double.pdf>
Package pdftex.def Info: figures/Simulation/kinematics_basic/hist_proton_phi_ex
cut_fd_Double.pdf  used on input line 37.
(pdftex.def)             Requested size: 211.38832pt x 131.23312pt.
<figures/Simulation/kinematics_basic/hist_electron_theta_nocut_fd_Double.pdf, i
d=635, 569.12625pt x 353.32pt>
File: figures/Simulation/kinematics_basic/hist_electron_theta_nocut_fd_Double.p
df Graphic file (type pdf)
<use figures/Simulation/kinematics_basic/hist_electron_theta_nocut_fd_Double.pd
f>
Package pdftex.def Info: figures/Simulation/kinematics_basic/hist_electron_thet
a_nocut_fd_Double.pdf  used on input line 46.
(pdftex.def)             Requested size: 211.38832pt x 131.23312pt.
<figures/Simulation/kinematics_basic/hist_electron_theta_excut_fd_Double.pdf, i
d=636, 569.12625pt x 353.32pt>
File: figures/Simulation/kinematics_basic/hist_electron_theta_excut_fd_Double.p
df Graphic file (type pdf)
<use figures/Simulation/kinematics_basic/hist_electron_theta_excut_fd_Double.pd
f>
Package pdftex.def Info: figures/Simulation/kinematics_basic/hist_electron_thet
a_excut_fd_Double.pdf  used on input line 50.
(pdftex.def)             Requested size: 211.38832pt x 131.23312pt.
<figures/Simulation/kinematics_basic/hist_proton_theta_nocut_fd_Double.pdf, id=
637, 569.12625pt x 353.32pt>
File: figures/Simulation/kinematics_basic/hist_proton_theta_nocut_fd_Double.pdf
 Graphic file (type pdf)
<use figures/Simulation/kinematics_basic/hist_proton_theta_nocut_fd_Double.pdf>

Package pdftex.def Info: figures/Simulation/kinematics_basic/hist_proton_theta_
nocut_fd_Double.pdf  used on input line 54.
(pdftex.def)             Requested size: 211.38832pt x 131.23312pt.
<figures/Simulation/kinematics_basic/hist_proton_theta_excut_fd_Double.pdf, id=
638, 569.12625pt x 353.32pt>
File: figures/Simulation/kinematics_basic/hist_proton_theta_excut_fd_Double.pdf
 Graphic file (type pdf)
<use figures/Simulation/kinematics_basic/hist_proton_theta_excut_fd_Double.pdf>

Package pdftex.def Info: figures/Simulation/kinematics_basic/hist_proton_theta_
excut_fd_Double.pdf  used on input line 58.
(pdftex.def)             Requested size: 211.38832pt x 131.23312pt.
[14

] [15 <./figures/Simulation/kinematics_basic/hist_electron_phi_nocut_fd_Double.
pdf, page is rotated 90 degrees> <./figures/Simulation/kinematics_basic/hist_el
ectron_phi_excut_fd_Double.pdf, page is rotated 90 degrees> <./figures/Simulati
on/kinematics_basic/hist_proton_phi_nocut_fd_Double.pdf, page is rotated 90 deg
rees> <./figures/Simulation/kinematics_basic/hist_proton_phi_excut_fd_Double.pd
f, page is rotated 90 degrees> <./figures/Simulation/kinematics_basic/hist_elec
tron_theta_nocut_fd_Double.pdf, page is rotated 90 degrees> <./figures/Simulati
on/kinematics_basic/hist_electron_theta_excut_fd_Double.pdf, page is rotated 90
 degrees> <./figures/Simulation/kinematics_basic/hist_proton_theta_nocut_fd_Dou
ble.pdf, page is rotated 90 degrees> <./figures/Simulation/kinematics_basic/his
t_proton_theta_excut_fd_Double.pdf, page is rotated 90 degrees>]

Package hyperref Warning: Token not allowed in a PDF string (PDFDocEncoding):
(hyperref)                removing `math shift' on input line 68.


Package hyperref Warning: Token not allowed in a PDF string (PDFDocEncoding):
(hyperref)                removing `superscript' on input line 68.


Package hyperref Warning: Token not allowed in a PDF string (PDFDocEncoding):
(hyperref)                removing `math shift' on input line 68.

<figures/Simulation/kinematics_advanced/hist_xb_nocut_fd_Double.pdf, id=1000, 5
69.12625pt x 353.32pt>
File: figures/Simulation/kinematics_advanced/hist_xb_nocut_fd_Double.pdf Graphi
c file (type pdf)
<use figures/Simulation/kinematics_advanced/hist_xb_nocut_fd_Double.pdf>
Package pdftex.def Info: figures/Simulation/kinematics_advanced/hist_xb_nocut_f
d_Double.pdf  used on input line 74.
(pdftex.def)             Requested size: 211.38832pt x 131.23312pt.
<figures/Simulation/kinematics_advanced/hist_xb_excut_fd_Double.pdf, id=1001, 5
69.12625pt x 353.32pt>
File: figures/Simulation/kinematics_advanced/hist_xb_excut_fd_Double.pdf Graphi
c file (type pdf)
<use figures/Simulation/kinematics_advanced/hist_xb_excut_fd_Double.pdf>
Package pdftex.def Info: figures/Simulation/kinematics_advanced/hist_xb_excut_f
d_Double.pdf  used on input line 78.
(pdftex.def)             Requested size: 211.38832pt x 131.23312pt.
<figures/Simulation/kinematics_advanced/hist_q2_nocut_fd_Double.pdf, id=1002, 5
69.12625pt x 353.32pt>
File: figures/Simulation/kinematics_advanced/hist_q2_nocut_fd_Double.pdf Graphi
c file (type pdf)
<use figures/Simulation/kinematics_advanced/hist_q2_nocut_fd_Double.pdf>
Package pdftex.def Info: figures/Simulation/kinematics_advanced/hist_q2_nocut_f
d_Double.pdf  used on input line 82.
(pdftex.def)             Requested size: 211.38832pt x 131.23312pt.
<figures/Simulation/kinematics_advanced/hist_q2_excut_fd_Double.pdf, id=1003, 5
69.12625pt x 353.32pt>
File: figures/Simulation/kinematics_advanced/hist_q2_excut_fd_Double.pdf Graphi
c file (type pdf)
<use figures/Simulation/kinematics_advanced/hist_q2_excut_fd_Double.pdf>
Package pdftex.def Info: figures/Simulation/kinematics_advanced/hist_q2_excut_f
d_Double.pdf  used on input line 86.
(pdftex.def)             Requested size: 211.38832pt x 131.23312pt.
[16

 <./figures/Simulation/kinematics_advanced/hist_xb_nocut_fd_Double.pdf, page is
 rotated 90 degrees> <./figures/Simulation/kinematics_advanced/hist_xb_excut_fd
_Double.pdf, page is rotated 90 degrees> <./figures/Simulation/kinematics_advan
ced/hist_q2_nocut_fd_Double.pdf, page is rotated 90 degrees> <./figures/Simulat
ion/kinematics_advanced/hist_q2_excut_fd_Double.pdf, page is rotated 90 degrees
>]
<figures/Simulation/kinematics_advanced/hist_w_nocut_fd_Double.pdf, id=1182, 56
9.12625pt x 353.32pt>
File: figures/Simulation/kinematics_advanced/hist_w_nocut_fd_Double.pdf Graphic
 file (type pdf)
<use figures/Simulation/kinematics_advanced/hist_w_nocut_fd_Double.pdf>
Package pdftex.def Info: figures/Simulation/kinematics_advanced/hist_w_nocut_fd
_Double.pdf  used on input line 99.
(pdftex.def)             Requested size: 234.8775pt x 145.81638pt.
<figures/Simulation/kinematics_advanced/hist_w_excut_fd_Double.pdf, id=1183, 56
9.12625pt x 353.32pt>
File: figures/Simulation/kinematics_advanced/hist_w_excut_fd_Double.pdf Graphic
 file (type pdf)
<use figures/Simulation/kinematics_advanced/hist_w_excut_fd_Double.pdf>
Package pdftex.def Info: figures/Simulation/kinematics_advanced/hist_w_excut_fd
_Double.pdf  used on input line 103.
(pdftex.def)             Requested size: 234.8775pt x 145.81638pt.
<figures/Simulation/kinematics_advanced/hist_kinematic_t_nocut_fd_Double.pdf, i
d=1184, 569.12625pt x 353.32pt>
File: figures/Simulation/kinematics_advanced/hist_kinematic_t_nocut_fd_Double.p
df Graphic file (type pdf)
<use figures/Simulation/kinematics_advanced/hist_kinematic_t_nocut_fd_Double.pd
f>
Package pdftex.def Info: figures/Simulation/kinematics_advanced/hist_kinematic_
t_nocut_fd_Double.pdf  used on input line 107.
(pdftex.def)             Requested size: 234.8775pt x 145.81638pt.
<figures/Simulation/kinematics_advanced/hist_kinematic_t_excut_fd_Double.pdf, i
d=1185, 569.12625pt x 353.32pt>
File: figures/Simulation/kinematics_advanced/hist_kinematic_t_excut_fd_Double.p
df Graphic file (type pdf)
<use figures/Simulation/kinematics_advanced/hist_kinematic_t_excut_fd_Double.pd
f>
Package pdftex.def Info: figures/Simulation/kinematics_advanced/hist_kinematic_
t_excut_fd_Double.pdf  used on input line 111.
(pdftex.def)             Requested size: 234.8775pt x 145.81638pt.
 [17

 <./figures/Simulation/kinematics_advanced/hist_w_nocut_fd_Double.pdf, page is 
rotated 90 degrees> <./figures/Simulation/kinematics_advanced/hist_w_excut_fd_D
ouble.pdf, page is rotated 90 degrees> <./figures/Simulation/kinematics_advance
d/hist_kinematic_t_nocut_fd_Double.pdf, page is rotated 90 degrees> <./figures/
Simulation/kinematics_advanced/hist_kinematic_t_excut_fd_Double.pdf, page is ro
tated 90 degrees>]
<figures/Simulation/exclusivity/hist_pion_mass_prexcut_fd_Double.pdf, id=1364, 
569.12625pt x 353.32pt>
File: figures/Simulation/exclusivity/hist_pion_mass_prexcut_fd_Double.pdf Graph
ic file (type pdf)
<use figures/Simulation/exclusivity/hist_pion_mass_prexcut_fd_Double.pdf>
Package pdftex.def Info: figures/Simulation/exclusivity/hist_pion_mass_prexcut_
fd_Double.pdf  used on input line 128.
(pdftex.def)             Requested size: 234.8775pt x 145.81638pt.
<figures/Simulation/exclusivity/hist_pion_mass_excut_fd_Double.pdf, id=1365, 56
9.12625pt x 353.32pt>
File: figures/Simulation/exclusivity/hist_pion_mass_excut_fd_Double.pdf Graphic
 file (type pdf)
<use figures/Simulation/exclusivity/hist_pion_mass_excut_fd_Double.pdf>
Package pdftex.def Info: figures/Simulation/exclusivity/hist_pion_mass_excut_fd
_Double.pdf  used on input line 132.
(pdftex.def)             Requested size: 234.8775pt x 145.81638pt.
<figures/Simulation/exclusivity/hist_pion_energy_prexcut_fd_Double.pdf, id=1366
, 569.12625pt x 353.32pt>
File: figures/Simulation/exclusivity/hist_pion_energy_prexcut_fd_Double.pdf Gra
phic file (type pdf)
<use figures/Simulation/exclusivity/hist_pion_energy_prexcut_fd_Double.pdf>
Package pdftex.def Info: figures/Simulation/exclusivity/hist_pion_energy_prexcu
t_fd_Double.pdf  used on input line 136.
(pdftex.def)             Requested size: 234.8775pt x 145.81638pt.
<figures/Simulation/exclusivity/hist_pion_energy_excut_fd_Double.pdf, id=1367, 
569.12625pt x 353.32pt>
File: figures/Simulation/exclusivity/hist_pion_energy_excut_fd_Double.pdf Graph
ic file (type pdf)
<use figures/Simulation/exclusivity/hist_pion_energy_excut_fd_Double.pdf>
Package pdftex.def Info: figures/Simulation/exclusivity/hist_pion_energy_excut_
fd_Double.pdf  used on input line 140.
(pdftex.def)             Requested size: 234.8775pt x 145.81638pt.
 [18

 <./figures/Simulation/exclusivity/hist_pion_mass_prexcut_fd_Double.pdf, page i
s rotated 90 degrees> <./figures/Simulation/exclusivity/hist_pion_mass_excut_fd
_Double.pdf, page is rotated 90 degrees> <./figures/Simulation/exclusivity/hist
_pion_energy_prexcut_fd_Double.pdf, page is rotated 90 degrees> <./figures/Simu
lation/exclusivity/hist_pion_energy_excut_fd_Double.pdf, page is rotated 90 deg
rees>]
<figures/Simulation/exclusivity/hist_missing_mass_squared_epX_prexcut_fd_Double
.pdf, id=1547, 569.12625pt x 353.32pt>
File: figures/Simulation/exclusivity/hist_missing_mass_squared_epX_prexcut_fd_D
ouble.pdf Graphic file (type pdf)
<use figures/Simulation/exclusivity/hist_missing_mass_squared_epX_prexcut_fd_Do
uble.pdf>
Package pdftex.def Info: figures/Simulation/exclusivity/hist_missing_mass_squar
ed_epX_prexcut_fd_Double.pdf  used on input line 155.
(pdftex.def)             Requested size: 211.38832pt x 131.23312pt.
<figures/Simulation/exclusivity/hist_missing_mass_squared_epX_excut_fd_Double.p
df, id=1548, 569.12625pt x 353.32pt>
File: figures/Simulation/exclusivity/hist_missing_mass_squared_epX_excut_fd_Dou
ble.pdf Graphic file (type pdf)
<use figures/Simulation/exclusivity/hist_missing_mass_squared_epX_excut_fd_Doub
le.pdf>
Package pdftex.def Info: figures/Simulation/exclusivity/hist_missing_mass_squar
ed_epX_excut_fd_Double.pdf  used on input line 159.
(pdftex.def)             Requested size: 211.38832pt x 131.23312pt.
<figures/Simulation/exclusivity/hist_missing_mass_squared_epX_zoomed_prexcut_fd
_Double.pdf, id=1549, 569.12625pt x 353.32pt>
File: figures/Simulation/exclusivity/hist_missing_mass_squared_epX_zoomed_prexc
ut_fd_Double.pdf Graphic file (type pdf)
<use figures/Simulation/exclusivity/hist_missing_mass_squared_epX_zoomed_prexcu
t_fd_Double.pdf>
Package pdftex.def Info: figures/Simulation/exclusivity/hist_missing_mass_squar
ed_epX_zoomed_prexcut_fd_Double.pdf  used on input line 163.
(pdftex.def)             Requested size: 211.38832pt x 131.23312pt.
<figures/Simulation/exclusivity/hist_missing_mass_squared_epX_zoomed_excut_fd_D
ouble.pdf, id=1550, 569.12625pt x 353.32pt>
File: figures/Simulation/exclusivity/hist_missing_mass_squared_epX_zoomed_excut
_fd_Double.pdf Graphic file (type pdf)
<use figures/Simulation/exclusivity/hist_missing_mass_squared_epX_zoomed_excut_
fd_Double.pdf>
Package pdftex.def Info: figures/Simulation/exclusivity/hist_missing_mass_squar
ed_epX_zoomed_excut_fd_Double.pdf  used on input line 167.
(pdftex.def)             Requested size: 211.38832pt x 131.23312pt.
<figures/Simulation/exclusivity/hist_missing_mass_squared_epgg_prexcut_fd_Doubl
e.pdf, id=1551, 569.12625pt x 353.32pt>
File: figures/Simulation/exclusivity/hist_missing_mass_squared_epgg_prexcut_fd_
Double.pdf Graphic file (type pdf)
<use figures/Simulation/exclusivity/hist_missing_mass_squared_epgg_prexcut_fd_D
ouble.pdf>
Package pdftex.def Info: figures/Simulation/exclusivity/hist_missing_mass_squar
ed_epgg_prexcut_fd_Double.pdf  used on input line 171.
(pdftex.def)             Requested size: 211.38832pt x 131.23312pt.
<figures/Simulation/exclusivity/hist_missing_mass_squared_epgg_excut_fd_Double.
pdf, id=1552, 569.12625pt x 353.32pt>
File: figures/Simulation/exclusivity/hist_missing_mass_squared_epgg_excut_fd_Do
uble.pdf Graphic file (type pdf)
<use figures/Simulation/exclusivity/hist_missing_mass_squared_epgg_excut_fd_Dou
ble.pdf>
Package pdftex.def Info: figures/Simulation/exclusivity/hist_missing_mass_squar
ed_epgg_excut_fd_Double.pdf  used on input line 175.
(pdftex.def)             Requested size: 211.38832pt x 131.23312pt.
 [19

 <./figures/Simulation/exclusivity/hist_missing_mass_squared_epX_prexcut_fd_Dou
ble.pdf, page is rotated 90 degrees> <./figures/Simulation/exclusivity/hist_mis
sing_mass_squared_epX_excut_fd_Double.pdf, page is rotated 90 degrees> <./figur
es/Simulation/exclusivity/hist_missing_mass_squared_epX_zoomed_prexcut_fd_Doubl
e.pdf, page is rotated 90 degrees> <./figures/Simulation/exclusivity/hist_missi
ng_mass_squared_epX_zoomed_excut_fd_Double.pdf, page is rotated 90 degrees> <./
figures/Simulation/exclusivity/hist_missing_mass_squared_epgg_prexcut_fd_Double
.pdf, page is rotated 90 degrees> <./figures/Simulation/exclusivity/hist_missin
g_mass_squared_epgg_excut_fd_Double.pdf, page is rotated 90 degrees>]
<figures/Simulation/exclusivity/hist_missing_energy_epx_prexcut_fd_Double.pdf, 
id=1819, 569.12625pt x 353.32pt>
File: figures/Simulation/exclusivity/hist_missing_energy_epx_prexcut_fd_Double.
pdf Graphic file (type pdf)
<use figures/Simulation/exclusivity/hist_missing_energy_epx_prexcut_fd_Double.p
df>
Package pdftex.def Info: figures/Simulation/exclusivity/hist_missing_energy_epx
_prexcut_fd_Double.pdf  used on input line 191.
(pdftex.def)             Requested size: 234.8775pt x 145.81638pt.
<figures/Simulation/exclusivity/hist_missing_energy_epx_excut_fd_Double.pdf, id
=1820, 569.12625pt x 353.32pt>
File: figures/Simulation/exclusivity/hist_missing_energy_epx_excut_fd_Double.pd
f Graphic file (type pdf)
<use figures/Simulation/exclusivity/hist_missing_energy_epx_excut_fd_Double.pdf
>
Package pdftex.def Info: figures/Simulation/exclusivity/hist_missing_energy_epx
_excut_fd_Double.pdf  used on input line 195.
(pdftex.def)             Requested size: 234.8775pt x 145.81638pt.
<figures/Simulation/exclusivity/hist_missing_energy_epgg_prexcut_fd_Double.pdf,
 id=1821, 569.12625pt x 353.32pt>
File: figures/Simulation/exclusivity/hist_missing_energy_epgg_prexcut_fd_Double
.pdf Graphic file (type pdf)
<use figures/Simulation/exclusivity/hist_missing_energy_epgg_prexcut_fd_Double.
pdf>
Package pdftex.def Info: figures/Simulation/exclusivity/hist_missing_energy_epg
g_prexcut_fd_Double.pdf  used on input line 199.
(pdftex.def)             Requested size: 234.8775pt x 145.81638pt.
<figures/Simulation/exclusivity/hist_missing_energy_epgg_excut_fd_Double.pdf, i
d=1822, 569.12625pt x 353.32pt>
File: figures/Simulation/exclusivity/hist_missing_energy_epgg_excut_fd_Double.p
df Graphic file (type pdf)
<use figures/Simulation/exclusivity/hist_missing_energy_epgg_excut_fd_Double.pd
f>
Package pdftex.def Info: figures/Simulation/exclusivity/hist_missing_energy_epg
g_excut_fd_Double.pdf  used on input line 203.
(pdftex.def)             Requested size: 234.8775pt x 145.81638pt.
 [20

 <./figures/Simulation/exclusivity/hist_missing_energy_epx_prexcut_fd_Double.pd
f, page is rotated 90 degrees> <./figures/Simulation/exclusivity/hist_missing_e
nergy_epx_excut_fd_Double.pdf, page is rotated 90 degrees> <./figures/Simulatio
n/exclusivity/hist_missing_energy_epgg_prexcut_fd_Double.pdf, page is rotated 9
0 degrees> <./figures/Simulation/exclusivity/hist_missing_energy_epgg_excut_fd_
Double.pdf, page is rotated 90 degrees>])
Chapter 5.
(./Appendix.tex
Underfull \hbox (badness 1888) in paragraph at lines 13--14
[]|\OT1/cmr/m/n/8 EB + min $\OML/cmm/m/it/8 E[]$ \OT1/cmr/m/n/8 +
 []

<figures/Simulation/exclusivity/hist_lept_had_angle_prexcut_fd_Double.pdf, id=2
000, 569.12625pt x 353.32pt>
File: figures/Simulation/exclusivity/hist_lept_had_angle_prexcut_fd_Double.pdf 
Graphic file (type pdf)
<use figures/Simulation/exclusivity/hist_lept_had_angle_prexcut_fd_Double.pdf>
Package pdftex.def Info: figures/Simulation/exclusivity/hist_lept_had_angle_pre
xcut_fd_Double.pdf  used on input line 27.
(pdftex.def)             Requested size: 211.38832pt x 131.23312pt.
<figures/Simulation/exclusivity/hist_lept_had_angle_excut_fd_Double.pdf, id=200
1, 569.12625pt x 353.32pt>
File: figures/Simulation/exclusivity/hist_lept_had_angle_excut_fd_Double.pdf Gr
aphic file (type pdf)
<use figures/Simulation/exclusivity/hist_lept_had_angle_excut_fd_Double.pdf>
Package pdftex.def Info: figures/Simulation/exclusivity/hist_lept_had_angle_exc
ut_fd_Double.pdf  used on input line 31.
(pdftex.def)             Requested size: 211.38832pt x 131.23312pt.
) [21


 <./figures/Simulation/exclusivity/hist_lept_had_angle_prexcut_fd_Double.pdf, p
age is rotated 90 degrees> <./figures/Simulation/exclusivity/hist_lept_had_angl
e_excut_fd_Double.pdf, page is rotated 90 degrees>]
Package atveryend Info: Empty hook `BeforeClearDocument' on input line 45.
Package atveryend Info: Empty hook `AfterLastShipout' on input line 45.
 (./main.aux)
Package atveryend Info: Executing hook `AtVeryEndDocument' on input line 45.
Package atveryend Info: Executing hook `AtEndAfterFileList' on input line 45.
Package rerunfilecheck Info: File `main.out' has not changed.
(rerunfilecheck)             Checksum: ACCDD05DF5B5A058875E5DE188D5415C;1987.
 ) 
Here is how much of TeX's memory you used:
 25876 strings out of 480478
 532752 string characters out of 5905958
 808623 words of memory out of 5000000
 41295 multiletter control sequences out of 15000+600000
 545448 words of font info for 74 fonts, out of 8000000 for 9000
 1141 hyphenation exceptions out of 8191
 66i,13n,103p,842b,399s stack positions out of 5000i,500n,10000p,200000b,80000s
{/usr/share/texmf-dist/fonts/enc/dvips/cm-super/cm-super-ts1.enc}</usr/share/
texmf-dist/fonts/type1/public/amsfonts/cm/cmbx10.pfb></usr/share/texmf-dist/fon
ts/type1/public/amsfonts/cm/cmbx12.pfb></usr/share/texmf-dist/fonts/type1/publi
c/amsfonts/cm/cmex10.pfb></usr/share/texmf-dist/fonts/type1/public/amsfonts/cm/
cmmi10.pfb></usr/share/texmf-dist/fonts/type1/public/amsfonts/cm/cmmi12.pfb></u
sr/share/texmf-dist/fonts/type1/public/amsfonts/cm/cmmi6.pfb></usr/share/texmf-
dist/fonts/type1/public/amsfonts/cm/cmmi8.pfb></usr/share/texmf-dist/fonts/type
1/public/amsfonts/cm/cmr10.pfb></usr/share/texmf-dist/fonts/type1/public/amsfon
ts/cm/cmr12.pfb></usr/share/texmf-dist/fonts/type1/public/amsfonts/cm/cmr17.pfb
></usr/share/texmf-dist/fonts/type1/public/amsfonts/cm/cmr6.pfb></usr/share/tex
mf-dist/fonts/type1/public/amsfonts/cm/cmr8.pfb></usr/share/texmf-dist/fonts/ty
pe1/public/amsfonts/cm/cmr9.pfb></usr/share/texmf-dist/fonts/type1/public/amsfo
nts/cm/cmsy10.pfb></usr/share/texmf-dist/fonts/type1/public/amsfonts/cm/cmsy6.p
fb></usr/share/texmf-dist/fonts/type1/public/amsfonts/cm/cmsy8.pfb></usr/share/
texmf-dist/fonts/type1/public/cm-super/sfrm1095.pfb>
Output written on main.pdf (22 pages, 1745335 bytes).
PDF statistics:
 2170 PDF objects out of 2487 (max. 8388607)
 1040 compressed objects within 11 object streams
 82 named destinations out of 1000 (max. 500000)
 909 words of extra memory for PDF output out of 10000 (max. 10000000)

